{"meta": {"format": 3, "version": "7.14.0", "timestamp": "2026-05-27T17:34:02.300346", "branch_coverage": false, "show_contexts": false}, "files": {"app/__init__.py": {"executed_lines": [], "summary": {"covered_lines": 0, "num_statements": 0, "percent_covered": 100.0, "percent_covered_display": "100", "missing_lines": 0, "excluded_lines": 0, "percent_statements_covered": 100.0, "percent_statements_covered_display": "100"}, "missing_lines": [], "excluded_lines": [], "functions": {"": {"executed_lines": [], "summary": {"covered_lines": 0, "num_statements": 0, "percent_covered": 100.0, "percent_covered_display": "100", "missing_lines": 0, "excluded_lines": 0, "percent_statements_covered": 100.0, "percent_statements_covered_display": "100"}, "missing_lines": [], "excluded_lines": [], "start_line": 1}}, "classes": {"": {"executed_lines": [], "summary": {"covered_lines": 0, "num_statements": 0, "percent_covered": 100.0, "percent_covered_display": "100", "missing_lines": 0, "excluded_lines": 0, "percent_statements_covered": 100.0, "percent_statements_covered_display": "100"}, "missing_lines": [], "excluded_lines": [], "start_line": 1}}}, "app/api/__init__.py": {"executed_lines": [], "summary": {"covered_lines": 0, "num_statements": 0, "percent_covered": 100.0, "percent_covered_display": "100", "missing_lines": 0, "excluded_lines": 0, "percent_statements_covered": 100.0, "percent_statements_covered_display": "100"}, "missing_lines": [], "excluded_lines": [], "functions": {"": {"executed_lines": [], "summary": {"covered_lines": 0, "num_statements": 0, "percent_covered": 100.0, "percent_covered_display": "100", "missing_lines": 0, "excluded_lines": 0, "percent_statements_covered": 100.0, "percent_statements_covered_display": "100"}, "missing_lines": [], "excluded_lines": [], "start_line": 1}}, "classes": {"": {"executed_lines": [], "summary": {"covered_lines": 0, "num_statements": 0, "percent_covered": 100.0, "percent_covered_display": "100", "missing_lines": 0, "excluded_lines": 0, "percent_statements_covered": 100.0, "percent_statements_covered_display": "100"}, "missing_lines": [], "excluded_lines": [], "start_line": 1}}}, "app/api/v1/__init__.py": {"executed_lines": [], "summary": {"covered_lines": 0, "num_statements": 0, "percent_covered": 100.0, "percent_covered_display": "100", "missing_lines": 0, "excluded_lines": 0, "percent_statements_covered": 100.0, "percent_statements_covered_display": "100"}, "missing_lines": [], "excluded_lines": [], "functions": {"": {"executed_lines": [], "summary": {"covered_lines": 0, "num_statements": 0, "percent_covered": 100.0, "percent_covered_display": "100", "missing_lines": 0, "excluded_lines": 0, "percent_statements_covered": 100.0, "percent_statements_covered_display": "100"}, "missing_lines": [], "excluded_lines": [], "start_line": 1}}, "classes": {"": {"executed_lines": [], "summary": {"covered_lines": 0, "num_statements": 0, "percent_covered": 100.0, "percent_covered_display": "100", "missing_lines": 0, "excluded_lines": 0, "percent_statements_covered": 100.0, "percent_statements_covered_display": "100"}, "missing_lines": [], "excluded_lines": [], "start_line": 1}}}, "app/api/v1/auth.py": {"executed_lines": [1, 2, 4, 6, 7, 8, 9, 10, 12, 13, 15, 18, 24, 25, 26, 27, 28, 32, 38, 39, 40, 41, 42, 48, 49, 50], "summary": {"covered_lines": 26, "num_statements": 27, "percent_covered": 96.29629629629629, "percent_covered_display": "96", "missing_lines": 1, "excluded_lines": 0, "percent_statements_covered": 96.29629629629629, "percent_statements_covered_display": "96"}, "missing_lines": [33], "excluded_lines": [], "functions": {"login": {"executed_lines": [26, 27, 28, 32, 38, 39, 40, 41, 42, 48, 49, 50], "summary": {"covered_lines": 12, "num_statements": 13, "percent_covered": 92.3076923076923, "percent_covered_display": "92", "missing_lines": 1, "excluded_lines": 0, "percent_statements_covered": 92.3076923076923, "percent_statements_covered_display": "92"}, "missing_lines": [33], "excluded_lines": [], "start_line": 25}, "": {"executed_lines": [1, 2, 4, 6, 7, 8, 9, 10, 12, 13, 15, 18, 24, 25], "summary": {"covered_lines": 14, "num_statements": 14, "percent_covered": 100.0, "percent_covered_display": "100", "missing_lines": 0, "excluded_lines": 0, "percent_statements_covered": 100.0, "percent_statements_covered_display": "100"}, "missing_lines": [], "excluded_lines": [], "start_line": 1}}, "classes": {"": {"executed_lines": [1, 2, 4, 6, 7, 8, 9, 10, 12, 13, 15, 18, 24, 25, 26, 27, 28, 32, 38, 39, 40, 41, 42, 48, 49, 50], "summary": {"covered_lines": 26, "num_statements": 27, "percent_covered": 96.29629629629629, "percent_covered_display": "96", "missing_lines": 1, "excluded_lines": 0, "percent_statements_covered": 96.29629629629629, "percent_statements_covered_display": "96"}, "missing_lines": [33], "excluded_lines": [], "start_line": 1}}}, "app/api/v1/extract.py": {"executed_lines": [1, 2, 4, 5, 6, 7, 8, 14, 16, 18, 21, 31, 32, 37, 38, 39, 45, 46, 47, 51, 61, 62, 67, 68, 69, 75, 77], "summary": {"covered_lines": 27, "num_statements": 30, "percent_covered": 90.0, "percent_covered_display": "90", "missing_lines": 3, "excluded_lines": 0, "percent_statements_covered": 90.0, "percent_statements_covered_display": "90"}, "missing_lines": [48, 76, 78], "excluded_lines": [], "functions": {"extract_form201": {"executed_lines": [37, 38, 39, 45, 46, 47], "summary": {"covered_lines": 6, "num_statements": 7, "percent_covered": 85.71428571428571, "percent_covered_display": "86", "missing_lines": 1, "excluded_lines": 0, "percent_statements_covered": 85.71428571428571, "percent_statements_covered_display": "86"}, "missing_lines": [48], "excluded_lines": [], "start_line": 32}, "extract_creditor_matrix": {"executed_lines": [67, 68, 69, 75, 77], "summary": {"covered_lines": 5, "num_statements": 7, "percent_covered": 71.42857142857143, "percent_covered_display": "71", "missing_lines": 2, "excluded_lines": 0, "percent_statements_covered": 71.42857142857143, "percent_statements_covered_display": "71"}, "missing_lines": [76, 78], "excluded_lines": [], "start_line": 62}, "": {"executed_lines": [1, 2, 4, 5, 6, 7, 8, 14, 16, 18, 21, 31, 32, 51, 61, 62], "summary": {"covered_lines": 16, "num_statements": 16, "percent_covered": 100.0, "percent_covered_display": "100", "missing_lines": 0, "excluded_lines": 0, "percent_statements_covered": 100.0, "percent_statements_covered_display": "100"}, "missing_lines": [], "excluded_lines": [], "start_line": 1}}, "classes": {"": {"executed_lines": [1, 2, 4, 5, 6, 7, 8, 14, 16, 18, 21, 31, 32, 37, 38, 39, 45, 46, 47, 51, 61, 62, 67, 68, 69, 75, 77], "summary": {"covered_lines": 27, "num_statements": 30, "percent_covered": 90.0, "percent_covered_display": "90", "missing_lines": 3, "excluded_lines": 0, "percent_statements_covered": 90.0, "percent_statements_covered_display": "90"}, "missing_lines": [48, 76, 78], "excluded_lines": [], "start_line": 1}}}, "app/api/v1/parse.py": {"executed_lines": [1, 2, 4, 5, 10, 11, 12, 19, 21, 23, 26, 27, 28, 29, 31, 34, 40, 41, 46, 47, 54, 60, 61, 66, 67, 73, 88, 89, 95, 96, 97, 99, 100, 101, 111, 112, 113, 116, 117, 118, 130], "summary": {"covered_lines": 41, "num_statements": 43, "percent_covered": 95.34883720930233, "percent_covered_display": "95", "missing_lines": 2, "excluded_lines": 0, "percent_statements_covered": 95.34883720930233, "percent_statements_covered_display": "95"}, "missing_lines": [30, 114], "excluded_lines": [], "functions": {"_parse_document_response": {"executed_lines": [27, 28, 29, 31], "summary": {"covered_lines": 4, "num_statements": 5, "percent_covered": 80.0, "percent_covered_display": "80", "missing_lines": 1, "excluded_lines": 0, "percent_statements_covered": 80.0, "percent_statements_covered_display": "80"}, "missing_lines": [30], "excluded_lines": [], "start_line": 26}, "parse_ocr": {"executed_lines": [46, 47], "summary": {"covered_lines": 2, "num_statements": 2, "percent_covered": 100.0, "percent_covered_display": "100", "missing_lines": 0, "excluded_lines": 0, "percent_statements_covered": 100.0, "percent_statements_covered_display": "100"}, "missing_lines": [], "excluded_lines": [], "start_line": 41}, "parse_structured": {"executed_lines": [66, 67], "summary": {"covered_lines": 2, "num_statements": 2, "percent_covered": 100.0, "percent_covered_display": "100", "missing_lines": 0, "excluded_lines": 0, "percent_statements_covered": 100.0, "percent_statements_covered_display": "100"}, "missing_lines": [], "excluded_lines": [], "start_line": 61}, "parse_document": {"executed_lines": [95, 96, 97, 99, 100, 101, 111, 112, 113, 116, 117, 118, 130], "summary": {"covered_lines": 13, "num_statements": 14, "percent_covered": 92.85714285714286, "percent_covered_display": "93", "missing_lines": 1, "excluded_lines": 0, "percent_statements_covered": 92.85714285714286, "percent_statements_covered_display": "93"}, "missing_lines": [114], "excluded_lines": [], "start_line": 89}, "": {"executed_lines": [1, 2, 4, 5, 10, 11, 12, 19, 21, 23, 26, 34, 40, 41, 54, 60, 61, 73, 88, 89], "summary": {"covered_lines": 20, "num_statements": 20, "percent_covered": 100.0, "percent_covered_display": "100", "missing_lines": 0, "excluded_lines": 0, "percent_statements_covered": 100.0, "percent_statements_covered_display": "100"}, "missing_lines": [], "excluded_lines": [], "start_line": 1}}, "classes": {"": {"executed_lines": [1, 2, 4, 5, 10, 11, 12, 19, 21, 23, 26, 27, 28, 29, 31, 34, 40, 41, 46, 47, 54, 60, 61, 66, 67, 73, 88, 89, 95, 96, 97, 99, 100, 101, 111, 112, 113, 116, 117, 118, 130], "summary": {"covered_lines": 41, "num_statements": 43, "percent_covered": 95.34883720930233, "percent_covered_display": "95", "missing_lines": 2, "excluded_lines": 0, "percent_statements_covered": 95.34883720930233, "percent_statements_covered_display": "95"}, "missing_lines": [30, 114], "excluded_lines": [], "start_line": 1}}}, "app/api/v1/review.py": {"executed_lines": [1, 2, 4, 6, 7, 8, 9, 18, 20, 21, 23, 26, 32, 33, 40, 41, 42, 43, 44, 45, 57, 60, 66, 67, 72, 73, 74, 75, 76, 79, 87, 88, 94, 95, 96, 102, 103, 110, 111, 123, 129, 130, 136, 137, 138, 142, 143, 148, 149], "summary": {"covered_lines": 49, "num_statements": 57, "percent_covered": 85.96491228070175, "percent_covered_display": "86", "missing_lines": 8, "excluded_lines": 0, "percent_statements_covered": 85.96491228070175, "percent_statements_covered_display": "86"}, "missing_lines": [104, 105, 106, 107, 108, 144, 145, 146], "excluded_lines": [], "functions": {"list_review_queue": {"executed_lines": [40, 41, 42, 43, 44, 45, 57], "summary": {"covered_lines": 7, "num_statements": 7, "percent_covered": 100.0, "percent_covered_display": "100", "missing_lines": 0, "excluded_lines": 0, "percent_statements_covered": 100.0, "percent_statements_covered_display": "100"}, "missing_lines": [], "excluded_lines": [], "start_line": 33}, "get_job_status": {"executed_lines": [72, 73, 74, 75, 76], "summary": {"covered_lines": 5, "num_statements": 5, "percent_covered": 100.0, "percent_covered_display": "100", "missing_lines": 0, "excluded_lines": 0, "percent_statements_covered": 100.0, "percent_statements_covered_display": "100"}, "missing_lines": [], "excluded_lines": [], "start_line": 67}, "apply_review": {"executed_lines": [94, 95, 96, 102, 103, 110, 111], "summary": {"covered_lines": 7, "num_statements": 12, "percent_covered": 58.333333333333336, "percent_covered_display": "58", "missing_lines": 5, "excluded_lines": 0, "percent_statements_covered": 58.333333333333336, "percent_statements_covered_display": "58"}, "missing_lines": [104, 105, 106, 107, 108], "excluded_lines": [], "start_line": 88}, "resolve_review": {"executed_lines": [136, 137, 138, 142, 143, 148, 149], "summary": {"covered_lines": 7, "num_statements": 10, "percent_covered": 70.0, "percent_covered_display": "70", "missing_lines": 3, "excluded_lines": 0, "percent_statements_covered": 70.0, "percent_statements_covered_display": "70"}, "missing_lines": [144, 145, 146], "excluded_lines": [], "start_line": 130}, "": {"executed_lines": [1, 2, 4, 6, 7, 8, 9, 18, 20, 21, 23, 26, 32, 33, 60, 66, 67, 79, 87, 88, 123, 129, 130], "summary": {"covered_lines": 23, "num_statements": 23, "percent_covered": 100.0, "percent_covered_display": "100", "missing_lines": 0, "excluded_lines": 0, "percent_statements_covered": 100.0, "percent_statements_covered_display": "100"}, "missing_lines": [], "excluded_lines": [], "start_line": 1}}, "classes": {"": {"executed_lines": [1, 2, 4, 6, 7, 8, 9, 18, 20, 21, 23, 26, 32, 33, 40, 41, 42, 43, 44, 45, 57, 60, 66, 67, 72, 73, 74, 75, 76, 79, 87, 88, 94, 95, 96, 102, 103, 110, 111, 123, 129, 130, 136, 137, 138, 142, 143, 148, 149], "summary": {"covered_lines": 49, "num_statements": 57, "percent_covered": 85.96491228070175, "percent_covered_display": "86", "missing_lines": 8, "excluded_lines": 0, "percent_statements_covered": 85.96491228070175, "percent_statements_covered_display": "86"}, "missing_lines": [104, 105, 106, 107, 108, 144, 145, 146], "excluded_lines": [], "start_line": 1}}}, "app/api/v1/router.py": {"executed_lines": [1, 3, 5, 6, 7, 8, 9], "summary": {"covered_lines": 7, "num_statements": 7, "percent_covered": 100.0, "percent_covered_display": "100", "missing_lines": 0, "excluded_lines": 0, "percent_statements_covered": 100.0, "percent_statements_covered_display": "100"}, "missing_lines": [], "excluded_lines": [], "functions": {"": {"executed_lines": [1, 3, 5, 6, 7, 8, 9], "summary": {"covered_lines": 7, "num_statements": 7, "percent_covered": 100.0, "percent_covered_display": "100", "missing_lines": 0, "excluded_lines": 0, "percent_statements_covered": 100.0, "percent_statements_covered_display": "100"}, "missing_lines": [], "excluded_lines": [], "start_line": 1}}, "classes": {"": {"executed_lines": [1, 3, 5, 6, 7, 8, 9], "summary": {"covered_lines": 7, "num_statements": 7, "percent_covered": 100.0, "percent_covered_display": "100", "missing_lines": 0, "excluded_lines": 0, "percent_statements_covered": 100.0, "percent_statements_covered_display": "100"}, "missing_lines": [], "excluded_lines": [], "start_line": 1}}}, "app/classifiers/filing_type.py": {"executed_lines": [1, 3, 5, 11, 18, 24, 30, 31, 32, 33, 34, 35, 36, 39, 44, 45, 47, 53, 54, 56], "summary": {"covered_lines": 20, "num_statements": 21, "percent_covered": 95.23809523809524, "percent_covered_display": "95", "missing_lines": 1, "excluded_lines": 0, "percent_statements_covered": 95.23809523809524, "percent_statements_covered_display": "95"}, "missing_lines": [55], "excluded_lines": [], "functions": {"_score_patterns": {"executed_lines": [31, 32, 33, 34, 35, 36], "summary": {"covered_lines": 6, "num_statements": 6, "percent_covered": 100.0, "percent_covered_display": "100", "missing_lines": 0, "excluded_lines": 0, "percent_statements_covered": 100.0, "percent_statements_covered_display": "100"}, "missing_lines": [], "excluded_lines": [], "start_line": 30}, "classify_filing_type": {"executed_lines": [44, 45, 47, 53, 54, 56], "summary": {"covered_lines": 6, "num_statements": 7, "percent_covered": 85.71428571428571, "percent_covered_display": "86", "missing_lines": 1, "excluded_lines": 0, "percent_statements_covered": 85.71428571428571, "percent_statements_covered_display": "86"}, "missing_lines": [55], "excluded_lines": [], "start_line": 39}, "": {"executed_lines": [1, 3, 5, 11, 18, 24, 30, 39], "summary": {"covered_lines": 8, "num_statements": 8, "percent_covered": 100.0, "percent_covered_display": "100", "missing_lines": 0, "excluded_lines": 0, "percent_statements_covered": 100.0, "percent_statements_covered_display": "100"}, "missing_lines": [], "excluded_lines": [], "start_line": 1}}, "classes": {"": {"executed_lines": [1, 3, 5, 11, 18, 24, 30, 31, 32, 33, 34, 35, 36, 39, 44, 45, 47, 53, 54, 56], "summary": {"covered_lines": 20, "num_statements": 21, "percent_covered": 95.23809523809524, "percent_covered_display": "95", "missing_lines": 1, "excluded_lines": 0, "percent_statements_covered": 95.23809523809524, "percent_statements_covered_display": "95"}, "missing_lines": [55], "excluded_lines": [], "start_line": 1}}}, "app/core/config.py": {"executed_lines": [1, 2, 4, 5, 8, 9, 12, 13, 19, 20, 22, 23, 24, 26, 27, 28, 29, 31, 33, 35, 36, 38, 39, 40, 41, 42, 43, 45, 46, 47, 48, 49, 50, 51, 52, 53, 54, 56, 57, 59, 60, 61, 62, 63, 65, 66, 67, 68, 69, 70, 72, 73, 76, 78, 79, 80, 81, 82, 84, 85, 86, 87, 88, 89, 91, 92, 93, 95, 96, 103, 104, 107, 108, 109, 111, 112, 113, 114, 116, 117, 118, 119, 120, 121, 123, 124, 125, 126, 128, 129, 132, 133, 134, 135, 136, 137, 138, 139, 143, 145, 146, 150], "summary": {"covered_lines": 102, "num_statements": 108, "percent_covered": 94.44444444444444, "percent_covered_display": "94", "missing_lines": 6, "excluded_lines": 0, "percent_statements_covered": 94.44444444444444, "percent_statements_covered_display": "94"}, "missing_lines": [97, 105, 115, 127, 147, 148], "excluded_lines": [], "functions": {"Settings.validate_api_key": {"executed_lines": [87, 88, 89], "summary": {"covered_lines": 3, "num_statements": 3, "percent_covered": 100.0, "percent_covered_display": "100", "missing_lines": 0, "excluded_lines": 0, "percent_statements_covered": 100.0, "percent_statements_covered_display": "100"}, "missing_lines": [], "excluded_lines": [], "start_line": 86}, "Settings.is_production": {"executed_lines": [93], "summary": {"covered_lines": 1, "num_statements": 1, "percent_covered": 100.0, "percent_covered_display": "100", "missing_lines": 0, "excluded_lines": 0, "percent_statements_covered": 100.0, "percent_statements_covered_display": "100"}, "missing_lines": [], "excluded_lines": [], "start_line": 92}, "Settings.download_host_suffixes": {"executed_lines": [], "summary": {"covered_lines": 0, "num_statements": 1, "percent_covered": 0.0, "percent_covered_display": "0", "missing_lines": 1, "excluded_lines": 0, "percent_statements_covered": 0.0, "percent_statements_covered_display": "0"}, "missing_lines": [97], "excluded_lines": [], "start_line": 96}, "Settings.require_https_downloads": {"executed_lines": [], "summary": {"covered_lines": 0, "num_statements": 1, "percent_covered": 0.0, "percent_covered_display": "0", "missing_lines": 1, "excluded_lines": 0, "percent_statements_covered": 0.0, "percent_statements_covered_display": "0"}, "missing_lines": [105], "excluded_lines": [], "start_line": 104}, "Settings.validate_api_key_strength": {"executed_lines": [108, 109], "summary": {"covered_lines": 2, "num_statements": 2, "percent_covered": 100.0, "percent_covered_display": "100", "missing_lines": 0, "excluded_lines": 0, "percent_statements_covered": 100.0, "percent_statements_covered_display": "100"}, "missing_lines": [], "excluded_lines": [], "start_line": 107}, "Settings.validate_jwt_secret": {"executed_lines": [114, 116, 117, 118, 119, 120, 121], "summary": {"covered_lines": 7, "num_statements": 8, "percent_covered": 87.5, "percent_covered_display": "88", "missing_lines": 1, "excluded_lines": 0, "percent_statements_covered": 87.5, "percent_statements_covered_display": "88"}, "missing_lines": [115], "excluded_lines": [], "start_line": 113}, "Settings.strip_optional_credential": {"executed_lines": [126, 128, 129], "summary": {"covered_lines": 3, "num_statements": 4, "percent_covered": 75.0, "percent_covered_display": "75", "missing_lines": 1, "excluded_lines": 0, "percent_statements_covered": 75.0, "percent_statements_covered_display": "75"}, "missing_lines": [127], "excluded_lines": [], "start_line": 125}, "get_settings": {"executed_lines": [134, 135, 136, 137, 138, 139, 143, 145, 146, 150], "summary": {"covered_lines": 10, "num_statements": 12, "percent_covered": 83.33333333333333, "percent_covered_display": "83", "missing_lines": 2, "excluded_lines": 0, "percent_statements_covered": 83.33333333333333, "percent_statements_covered_display": "83"}, "missing_lines": [147, 148], "excluded_lines": [], "start_line": 133}, "": {"executed_lines": [1, 2, 4, 5, 8, 9, 12, 13, 19, 20, 22, 23, 24, 26, 27, 28, 29, 31, 33, 35, 36, 38, 39, 40, 41, 42, 43, 45, 46, 47, 48, 49, 50, 51, 52, 53, 54, 56, 57, 59, 60, 61, 62, 63, 65, 66, 67, 68, 69, 70, 72, 73, 76, 78, 79, 80, 81, 82, 84, 85, 86, 91, 92, 95, 96, 103, 104, 107, 111, 112, 113, 123, 124, 125, 132, 133], "summary": {"covered_lines": 76, "num_statements": 76, "percent_covered": 100.0, "percent_covered_display": "100", "missing_lines": 0, "excluded_lines": 0, "percent_statements_covered": 100.0, "percent_statements_covered_display": "100"}, "missing_lines": [], "excluded_lines": [], "start_line": 1}}, "classes": {"Settings": {"executed_lines": [87, 88, 89, 93, 108, 109, 114, 116, 117, 118, 119, 120, 121, 126, 128, 129], "summary": {"covered_lines": 16, "num_statements": 20, "percent_covered": 80.0, "percent_covered_display": "80", "missing_lines": 4, "excluded_lines": 0, "percent_statements_covered": 80.0, "percent_statements_covered_display": "80"}, "missing_lines": [97, 105, 115, 127], "excluded_lines": [], "start_line": 12}, "": {"executed_lines": [1, 2, 4, 5, 8, 9, 12, 13, 19, 20, 22, 23, 24, 26, 27, 28, 29, 31, 33, 35, 36, 38, 39, 40, 41, 42, 43, 45, 46, 47, 48, 49, 50, 51, 52, 53, 54, 56, 57, 59, 60, 61, 62, 63, 65, 66, 67, 68, 69, 70, 72, 73, 76, 78, 79, 80, 81, 82, 84, 85, 86, 91, 92, 95, 96, 103, 104, 107, 111, 112, 113, 123, 124, 125, 132, 133, 134, 135, 136, 137, 138, 139, 143, 145, 146, 150], "summary": {"covered_lines": 86, "num_statements": 88, "percent_covered": 97.72727272727273, "percent_covered_display": "98", "missing_lines": 2, "excluded_lines": 0, "percent_statements_covered": 97.72727272727273, "percent_statements_covered_display": "98"}, "missing_lines": [147, 148], "excluded_lines": [], "start_line": 1}}}, "app/core/exceptions.py": {"executed_lines": [4, 7, 8, 11, 14, 18, 21, 22, 25, 28, 29, 30], "summary": {"covered_lines": 12, "num_statements": 13, "percent_covered": 92.3076923076923, "percent_covered_display": "92", "missing_lines": 1, "excluded_lines": 0, "percent_statements_covered": 92.3076923076923, "percent_statements_covered_display": "92"}, "missing_lines": [15], "excluded_lines": [], "functions": {"DocumentProcessingError.__init__": {"executed_lines": [8], "summary": {"covered_lines": 1, "num_statements": 1, "percent_covered": 100.0, "percent_covered_display": "100", "missing_lines": 0, "excluded_lines": 0, "percent_statements_covered": 100.0, "percent_statements_covered_display": "100"}, "missing_lines": [], "excluded_lines": [], "start_line": 7}, "BackgroundJobBusyError.__init__": {"executed_lines": [], "summary": {"covered_lines": 0, "num_statements": 1, "percent_covered": 0.0, "percent_covered_display": "0", "missing_lines": 1, "excluded_lines": 0, "percent_statements_covered": 0.0, "percent_statements_covered_display": "0"}, "missing_lines": [15], "excluded_lines": [], "start_line": 14}, "BankruptcyIdRequiredError.__init__": {"executed_lines": [22], "summary": {"covered_lines": 1, "num_statements": 1, "percent_covered": 100.0, "percent_covered_display": "100", "missing_lines": 0, "excluded_lines": 0, "percent_statements_covered": 100.0, "percent_statements_covered_display": "100"}, "missing_lines": [], "excluded_lines": [], "start_line": 21}, "BankruptcyNotFoundError.__init__": {"executed_lines": [29, 30], "summary": {"covered_lines": 2, "num_statements": 2, "percent_covered": 100.0, "percent_covered_display": "100", "missing_lines": 0, "excluded_lines": 0, "percent_statements_covered": 100.0, "percent_statements_covered_display": "100"}, "missing_lines": [], "excluded_lines": [], "start_line": 28}, "": {"executed_lines": [4, 7, 11, 14, 18, 21, 25, 28], "summary": {"covered_lines": 8, "num_statements": 8, "percent_covered": 100.0, "percent_covered_display": "100", "missing_lines": 0, "excluded_lines": 0, "percent_statements_covered": 100.0, "percent_statements_covered_display": "100"}, "missing_lines": [], "excluded_lines": [], "start_line": 1}}, "classes": {"DocumentProcessingError": {"executed_lines": [8], "summary": {"covered_lines": 1, "num_statements": 1, "percent_covered": 100.0, "percent_covered_display": "100", "missing_lines": 0, "excluded_lines": 0, "percent_statements_covered": 100.0, "percent_statements_covered_display": "100"}, "missing_lines": [], "excluded_lines": [], "start_line": 4}, "BackgroundJobBusyError": {"executed_lines": [], "summary": {"covered_lines": 0, "num_statements": 1, "percent_covered": 0.0, "percent_covered_display": "0", "missing_lines": 1, "excluded_lines": 0, "percent_statements_covered": 0.0, "percent_statements_covered_display": "0"}, "missing_lines": [15], "excluded_lines": [], "start_line": 11}, "BankruptcyIdRequiredError": {"executed_lines": [22], "summary": {"covered_lines": 1, "num_statements": 1, "percent_covered": 100.0, "percent_covered_display": "100", "missing_lines": 0, "excluded_lines": 0, "percent_statements_covered": 100.0, "percent_statements_covered_display": "100"}, "missing_lines": [], "excluded_lines": [], "start_line": 18}, "BankruptcyNotFoundError": {"executed_lines": [29, 30], "summary": {"covered_lines": 2, "num_statements": 2, "percent_covered": 100.0, "percent_covered_display": "100", "missing_lines": 0, "excluded_lines": 0, "percent_statements_covered": 100.0, "percent_statements_covered_display": "100"}, "missing_lines": [], "excluded_lines": [], "start_line": 25}, "": {"executed_lines": [4, 7, 11, 14, 18, 21, 25, 28], "summary": {"covered_lines": 8, "num_statements": 8, "percent_covered": 100.0, "percent_covered_display": "100", "missing_lines": 0, "excluded_lines": 0, "percent_statements_covered": 100.0, "percent_statements_covered_display": "100"}, "missing_lines": [], "excluded_lines": [], "start_line": 1}}}, "app/core/http_download.py": {"executed_lines": [3, 6, 13, 15, 16, 17, 19], "summary": {"covered_lines": 7, "num_statements": 7, "percent_covered": 100.0, "percent_covered_display": "100", "missing_lines": 0, "excluded_lines": 0, "percent_statements_covered": 100.0, "percent_statements_covered_display": "100"}, "missing_lines": [], "excluded_lines": [], "functions": {"browser_like_headers": {"executed_lines": [15, 16, 17, 19], "summary": {"covered_lines": 4, "num_statements": 4, "percent_covered": 100.0, "percent_covered_display": "100", "missing_lines": 0, "excluded_lines": 0, "percent_statements_covered": 100.0, "percent_statements_covered_display": "100"}, "missing_lines": [], "excluded_lines": [], "start_line": 13}, "": {"executed_lines": [3, 6, 13], "summary": {"covered_lines": 3, "num_statements": 3, "percent_covered": 100.0, "percent_covered_display": "100", "missing_lines": 0, "excluded_lines": 0, "percent_statements_covered": 100.0, "percent_statements_covered_display": "100"}, "missing_lines": [], "excluded_lines": [], "start_line": 1}}, "classes": {"": {"executed_lines": [3, 6, 13, 15, 16, 17, 19], "summary": {"covered_lines": 7, "num_statements": 7, "percent_covered": 100.0, "percent_covered_display": "100", "missing_lines": 0, "excluded_lines": 0, "percent_statements_covered": 100.0, "percent_statements_covered_display": "100"}, "missing_lines": [], "excluded_lines": [], "start_line": 1}}}, "app/core/logging.py": {"executed_lines": [1, 2, 3, 4, 5, 7, 8, 11, 12, 13, 19, 20, 21, 22, 23, 26, 27, 28, 29, 30, 31, 32, 33, 36, 37, 38, 39, 40, 42, 51, 52], "summary": {"covered_lines": 31, "num_statements": 31, "percent_covered": 100.0, "percent_covered_display": "100", "missing_lines": 0, "excluded_lines": 0, "percent_statements_covered": 100.0, "percent_statements_covered_display": "100"}, "missing_lines": [], "excluded_lines": [], "functions": {"JsonFormatter.format": {"executed_lines": [13, 19, 20, 21, 22, 23], "summary": {"covered_lines": 6, "num_statements": 6, "percent_covered": 100.0, "percent_covered_display": "100", "missing_lines": 0, "excluded_lines": 0, "percent_statements_covered": 100.0, "percent_statements_covered_display": "100"}, "missing_lines": [], "excluded_lines": [], "start_line": 12}, "configure_logging": {"executed_lines": [27, 28, 29, 30, 31, 32, 33], "summary": {"covered_lines": 7, "num_statements": 7, "percent_covered": 100.0, "percent_covered_display": "100", "missing_lines": 0, "excluded_lines": 0, "percent_statements_covered": 100.0, "percent_statements_covered_display": "100"}, "missing_lines": [], "excluded_lines": [], "start_line": 26}, "log_event": {"executed_lines": [37, 38, 39, 40, 42, 51, 52], "summary": {"covered_lines": 7, "num_statements": 7, "percent_covered": 100.0, "percent_covered_display": "100", "missing_lines": 0, "excluded_lines": 0, "percent_statements_covered": 100.0, "percent_statements_covered_display": "100"}, "missing_lines": [], "excluded_lines": [], "start_line": 36}, "": {"executed_lines": [1, 2, 3, 4, 5, 7, 8, 11, 12, 26, 36], "summary": {"covered_lines": 11, "num_statements": 11, "percent_covered": 100.0, "percent_covered_display": "100", "missing_lines": 0, "excluded_lines": 0, "percent_statements_covered": 100.0, "percent_statements_covered_display": "100"}, "missing_lines": [], "excluded_lines": [], "start_line": 1}}, "classes": {"JsonFormatter": {"executed_lines": [13, 19, 20, 21, 22, 23], "summary": {"covered_lines": 6, "num_statements": 6, "percent_covered": 100.0, "percent_covered_display": "100", "missing_lines": 0, "excluded_lines": 0, "percent_statements_covered": 100.0, "percent_statements_covered_display": "100"}, "missing_lines": [], "excluded_lines": [], "start_line": 11}, "": {"executed_lines": [1, 2, 3, 4, 5, 7, 8, 11, 12, 26, 27, 28, 29, 30, 31, 32, 33, 36, 37, 38, 39, 40, 42, 51, 52], "summary": {"covered_lines": 25, "num_statements": 25, "percent_covered": 100.0, "percent_covered_display": "100", "missing_lines": 0, "excluded_lines": 0, "percent_statements_covered": 100.0, "percent_statements_covered_display": "100"}, "missing_lines": [], "excluded_lines": [], "start_line": 1}}}, "app/core/rate_limit.py": {"executed_lines": [1, 2, 3, 5, 7], "summary": {"covered_lines": 5, "num_statements": 5, "percent_covered": 100.0, "percent_covered_display": "100", "missing_lines": 0, "excluded_lines": 0, "percent_statements_covered": 100.0, "percent_statements_covered_display": "100"}, "missing_lines": [], "excluded_lines": [], "functions": {"": {"executed_lines": [1, 2, 3, 5, 7], "summary": {"covered_lines": 5, "num_statements": 5, "percent_covered": 100.0, "percent_covered_display": "100", "missing_lines": 0, "excluded_lines": 0, "percent_statements_covered": 100.0, "percent_statements_covered_display": "100"}, "missing_lines": [], "excluded_lines": [], "start_line": 1}}, "classes": {"": {"executed_lines": [1, 2, 3, 5, 7], "summary": {"covered_lines": 5, "num_statements": 5, "percent_covered": 100.0, "percent_covered_display": "100", "missing_lines": 0, "excluded_lines": 0, "percent_statements_covered": 100.0, "percent_statements_covered_display": "100"}, "missing_lines": [], "excluded_lines": [], "start_line": 1}}}, "app/core/readiness.py": {"executed_lines": [3, 5, 7, 8, 9, 10, 12, 15, 16, 17, 34, 35, 36, 49, 50, 51, 52], "summary": {"covered_lines": 17, "num_statements": 38, "percent_covered": 44.73684210526316, "percent_covered_display": "45", "missing_lines": 21, "excluded_lines": 0, "percent_statements_covered": 44.73684210526316, "percent_statements_covered_display": "45"}, "missing_lines": [18, 19, 23, 24, 25, 26, 27, 28, 29, 30, 31, 37, 38, 39, 40, 41, 42, 43, 44, 45, 46], "excluded_lines": [], "functions": {"check_supabase": {"executed_lines": [16, 17], "summary": {"covered_lines": 2, "num_statements": 13, "percent_covered": 15.384615384615385, "percent_covered_display": "15", "missing_lines": 11, "excluded_lines": 0, "percent_statements_covered": 15.384615384615385, "percent_statements_covered_display": "15"}, "missing_lines": [18, 19, 23, 24, 25, 26, 27, 28, 29, 30, 31], "excluded_lines": [], "start_line": 15}, "check_s3": {"executed_lines": [35, 36], "summary": {"covered_lines": 2, "num_statements": 12, "percent_covered": 16.666666666666668, "percent_covered_display": "17", "missing_lines": 10, "excluded_lines": 0, "percent_statements_covered": 16.666666666666668, "percent_statements_covered_display": "17"}, "missing_lines": [37, 38, 39, 40, 41, 42, 43, 44, 45, 46], "excluded_lines": [], "start_line": 34}, "run_readiness_checks": {"executed_lines": [50, 51, 52], "summary": {"covered_lines": 3, "num_statements": 3, "percent_covered": 100.0, "percent_covered_display": "100", "missing_lines": 0, "excluded_lines": 0, "percent_statements_covered": 100.0, "percent_statements_covered_display": "100"}, "missing_lines": [], "excluded_lines": [], "start_line": 49}, "": {"executed_lines": [3, 5, 7, 8, 9, 10, 12, 15, 34, 49], "summary": {"covered_lines": 10, "num_statements": 10, "percent_covered": 100.0, "percent_covered_display": "100", "missing_lines": 0, "excluded_lines": 0, "percent_statements_covered": 100.0, "percent_statements_covered_display": "100"}, "missing_lines": [], "excluded_lines": [], "start_line": 1}}, "classes": {"": {"executed_lines": [3, 5, 7, 8, 9, 10, 12, 15, 16, 17, 34, 35, 36, 49, 50, 51, 52], "summary": {"covered_lines": 17, "num_statements": 38, "percent_covered": 44.73684210526316, "percent_covered_display": "45", "missing_lines": 21, "excluded_lines": 0, "percent_statements_covered": 44.73684210526316, "percent_statements_covered_display": "45"}, "missing_lines": [18, 19, 23, 24, 25, 26, 27, 28, 29, 30, 31, 37, 38, 39, 40, 41, 42, 43, 44, 45, 46], "excluded_lines": [], "start_line": 1}}}, "app/core/request_context.py": {"executed_lines": [3, 5, 6, 8, 11, 12, 15, 16, 19, 20, 23, 24], "summary": {"covered_lines": 12, "num_statements": 12, "percent_covered": 100.0, "percent_covered_display": "100", "missing_lines": 0, "excluded_lines": 0, "percent_statements_covered": 100.0, "percent_statements_covered_display": "100"}, "missing_lines": [], "excluded_lines": [], "functions": {"new_request_id": {"executed_lines": [12], "summary": {"covered_lines": 1, "num_statements": 1, "percent_covered": 100.0, "percent_covered_display": "100", "missing_lines": 0, "excluded_lines": 0, "percent_statements_covered": 100.0, "percent_statements_covered_display": "100"}, "missing_lines": [], "excluded_lines": [], "start_line": 11}, "get_request_id": {"executed_lines": [16], "summary": {"covered_lines": 1, "num_statements": 1, "percent_covered": 100.0, "percent_covered_display": "100", "missing_lines": 0, "excluded_lines": 0, "percent_statements_covered": 100.0, "percent_statements_covered_display": "100"}, "missing_lines": [], "excluded_lines": [], "start_line": 15}, "bind_request_id": {"executed_lines": [20], "summary": {"covered_lines": 1, "num_statements": 1, "percent_covered": 100.0, "percent_covered_display": "100", "missing_lines": 0, "excluded_lines": 0, "percent_statements_covered": 100.0, "percent_statements_covered_display": "100"}, "missing_lines": [], "excluded_lines": [], "start_line": 19}, "reset_request_id": {"executed_lines": [24], "summary": {"covered_lines": 1, "num_statements": 1, "percent_covered": 100.0, "percent_covered_display": "100", "missing_lines": 0, "excluded_lines": 0, "percent_statements_covered": 100.0, "percent_statements_covered_display": "100"}, "missing_lines": [], "excluded_lines": [], "start_line": 23}, "": {"executed_lines": [3, 5, 6, 8, 11, 15, 19, 23], "summary": {"covered_lines": 8, "num_statements": 8, "percent_covered": 100.0, "percent_covered_display": "100", "missing_lines": 0, "excluded_lines": 0, "percent_statements_covered": 100.0, "percent_statements_covered_display": "100"}, "missing_lines": [], "excluded_lines": [], "start_line": 1}}, "classes": {"": {"executed_lines": [3, 5, 6, 8, 11, 12, 15, 16, 19, 20, 23, 24], "summary": {"covered_lines": 12, "num_statements": 12, "percent_covered": 100.0, "percent_covered_display": "100", "missing_lines": 0, "excluded_lines": 0, "percent_statements_covered": 100.0, "percent_statements_covered_display": "100"}, "missing_lines": [], "excluded_lines": [], "start_line": 1}}}, "app/core/s3_validation.py": {"executed_lines": [3, 5, 6, 8, 9, 12, 13, 18, 19, 21, 23, 25, 26, 29, 30, 31, 32, 33, 34, 35, 36, 37, 38, 39, 41], "summary": {"covered_lines": 25, "num_statements": 29, "percent_covered": 86.20689655172414, "percent_covered_display": "86", "missing_lines": 4, "excluded_lines": 0, "percent_statements_covered": 86.20689655172414, "percent_statements_covered_display": "86"}, "missing_lines": [20, 22, 24, 40], "excluded_lines": [], "functions": {"_reject_unsafe_key": {"executed_lines": [19, 21, 23, 25, 26], "summary": {"covered_lines": 5, "num_statements": 8, "percent_covered": 62.5, "percent_covered_display": "62", "missing_lines": 3, "excluded_lines": 0, "percent_statements_covered": 62.5, "percent_statements_covered_display": "62"}, "missing_lines": [20, 22, 24], "excluded_lines": [], "start_line": 18}, "validate_s3_key": {"executed_lines": [30, 31, 32, 33, 34, 35, 36, 37, 38, 39, 41], "summary": {"covered_lines": 11, "num_statements": 12, "percent_covered": 91.66666666666667, "percent_covered_display": "92", "missing_lines": 1, "excluded_lines": 0, "percent_statements_covered": 91.66666666666667, "percent_statements_covered_display": "92"}, "missing_lines": [40], "excluded_lines": [], "start_line": 29}, "": {"executed_lines": [3, 5, 6, 8, 9, 12, 13, 18, 29], "summary": {"covered_lines": 9, "num_statements": 9, "percent_covered": 100.0, "percent_covered_display": "100", "missing_lines": 0, "excluded_lines": 0, "percent_statements_covered": 100.0, "percent_statements_covered_display": "100"}, "missing_lines": [], "excluded_lines": [], "start_line": 1}}, "classes": {"": {"executed_lines": [3, 5, 6, 8, 9, 12, 13, 18, 19, 21, 23, 25, 26, 29, 30, 31, 32, 33, 34, 35, 36, 37, 38, 39, 41], "summary": {"covered_lines": 25, "num_statements": 29, "percent_covered": 86.20689655172414, "percent_covered_display": "86", "missing_lines": 4, "excluded_lines": 0, "percent_statements_covered": 86.20689655172414, "percent_statements_covered_display": "86"}, "missing_lines": [20, 22, 24, 40], "excluded_lines": [], "start_line": 1}}}, "app/core/security.py": {"executed_lines": [1, 2, 3, 5, 6, 7, 8, 10, 11, 14, 15, 16, 17, 18, 19, 20, 23, 24, 25, 26, 29, 33, 35, 36, 37, 38, 43, 44, 45, 47, 54], "summary": {"covered_lines": 31, "num_statements": 31, "percent_covered": 100.0, "percent_covered_display": "100", "missing_lines": 0, "excluded_lines": 0, "percent_statements_covered": 100.0, "percent_statements_covered_display": "100"}, "missing_lines": [], "excluded_lines": [], "functions": {"_api_key_matches": {"executed_lines": [15, 16, 17, 18, 19, 20], "summary": {"covered_lines": 6, "num_statements": 6, "percent_covered": 100.0, "percent_covered_display": "100", "missing_lines": 0, "excluded_lines": 0, "percent_statements_covered": 100.0, "percent_statements_covered_display": "100"}, "missing_lines": [], "excluded_lines": [], "start_line": 14}, "verify_auth": {"executed_lines": [33, 35, 36, 37, 38, 43, 44, 45, 47], "summary": {"covered_lines": 9, "num_statements": 9, "percent_covered": 100.0, "percent_covered_display": "100", "missing_lines": 0, "excluded_lines": 0, "percent_statements_covered": 100.0, "percent_statements_covered_display": "100"}, "missing_lines": [], "excluded_lines": [], "start_line": 29}, "": {"executed_lines": [1, 2, 3, 5, 6, 7, 8, 10, 11, 14, 23, 24, 25, 26, 29, 54], "summary": {"covered_lines": 16, "num_statements": 16, "percent_covered": 100.0, "percent_covered_display": "100", "missing_lines": 0, "excluded_lines": 0, "percent_statements_covered": 100.0, "percent_statements_covered_display": "100"}, "missing_lines": [], "excluded_lines": [], "start_line": 1}}, "classes": {"AuthContext": {"executed_lines": [], "summary": {"covered_lines": 0, "num_statements": 0, "percent_covered": 100.0, "percent_covered_display": "100", "missing_lines": 0, "excluded_lines": 0, "percent_statements_covered": 100.0, "percent_statements_covered_display": "100"}, "missing_lines": [], "excluded_lines": [], "start_line": 24}, "": {"executed_lines": [1, 2, 3, 5, 6, 7, 8, 10, 11, 14, 15, 16, 17, 18, 19, 20, 23, 24, 25, 26, 29, 33, 35, 36, 37, 38, 43, 44, 45, 47, 54], "summary": {"covered_lines": 31, "num_statements": 31, "percent_covered": 100.0, "percent_covered_display": "100", "missing_lines": 0, "excluded_lines": 0, "percent_statements_covered": 100.0, "percent_statements_covered_display": "100"}, "missing_lines": [], "excluded_lines": [], "start_line": 1}}}, "app/core/tokens.py": {"executed_lines": [1, 3, 4, 5, 7, 10, 11, 12, 17, 18, 19, 20, 26, 27, 30, 31, 32, 37, 38, 43, 44, 49, 50, 55, 61, 62, 68], "summary": {"covered_lines": 27, "num_statements": 31, "percent_covered": 87.09677419354838, "percent_covered_display": "87", "missing_lines": 4, "excluded_lines": 0, "percent_statements_covered": 87.09677419354838, "percent_statements_covered_display": "87"}, "missing_lines": [13, 33, 56, 63], "excluded_lines": [], "functions": {"create_access_token": {"executed_lines": [11, 12, 17, 18, 19, 20, 26, 27], "summary": {"covered_lines": 8, "num_statements": 9, "percent_covered": 88.88888888888889, "percent_covered_display": "89", "missing_lines": 1, "excluded_lines": 0, "percent_statements_covered": 88.88888888888889, "percent_statements_covered_display": "89"}, "missing_lines": [13], "excluded_lines": [], "start_line": 10}, "decode_access_token": {"executed_lines": [31, 32, 37, 38, 43, 44, 49, 50, 55, 61, 62, 68], "summary": {"covered_lines": 12, "num_statements": 15, "percent_covered": 80.0, "percent_covered_display": "80", "missing_lines": 3, "excluded_lines": 0, "percent_statements_covered": 80.0, "percent_statements_covered_display": "80"}, "missing_lines": [33, 56, 63], "excluded_lines": [], "start_line": 30}, "": {"executed_lines": [1, 3, 4, 5, 7, 10, 30], "summary": {"covered_lines": 7, "num_statements": 7, "percent_covered": 100.0, "percent_covered_display": "100", "missing_lines": 0, "excluded_lines": 0, "percent_statements_covered": 100.0, "percent_statements_covered_display": "100"}, "missing_lines": [], "excluded_lines": [], "start_line": 1}}, "classes": {"": {"executed_lines": [1, 3, 4, 5, 7, 10, 11, 12, 17, 18, 19, 20, 26, 27, 30, 31, 32, 37, 38, 43, 44, 49, 50, 55, 61, 62, 68], "summary": {"covered_lines": 27, "num_statements": 31, "percent_covered": 87.09677419354838, "percent_covered_display": "87", "missing_lines": 4, "excluded_lines": 0, "percent_statements_covered": 87.09677419354838, "percent_statements_covered_display": "87"}, "missing_lines": [13, 33, 56, 63], "excluded_lines": [], "start_line": 1}}}, "app/core/url_safety.py": {"executed_lines": [3, 5, 6, 7, 8, 10, 11, 13, 16, 20, 21, 22, 24, 25, 26, 27, 30, 31, 41, 42, 44, 45, 46, 47, 48, 49, 50, 51, 52, 53, 56, 59, 60, 63, 70, 71, 73, 74, 75, 77, 79, 80, 81, 83, 86, 89, 90, 91, 92, 94, 95, 96, 97, 99, 101, 102, 105, 116, 122, 123, 124, 126, 127, 128, 129, 135, 136, 142, 143, 144, 145, 146, 147, 151, 152, 153, 154, 155, 158], "summary": {"covered_lines": 79, "num_statements": 105, "percent_covered": 75.23809523809524, "percent_covered_display": "75", "missing_lines": 26, "excluded_lines": 0, "percent_statements_covered": 75.23809523809524, "percent_statements_covered_display": "75"}, "missing_lines": [17, 23, 43, 54, 55, 57, 58, 76, 78, 82, 84, 87, 137, 138, 139, 140, 141, 148, 149, 150, 156, 157, 159, 160, 161, 163], "excluded_lines": [], "functions": {"_parse_host_suffixes": {"executed_lines": [], "summary": {"covered_lines": 0, "num_statements": 1, "percent_covered": 0.0, "percent_covered_display": "0", "missing_lines": 1, "excluded_lines": 0, "percent_statements_covered": 0.0, "percent_statements_covered_display": "0"}, "missing_lines": [17], "excluded_lines": [], "start_line": 16}, "_hostname_allowed": {"executed_lines": [21, 22, 24, 25, 26, 27], "summary": {"covered_lines": 6, "num_statements": 7, "percent_covered": 85.71428571428571, "percent_covered_display": "86", "missing_lines": 1, "excluded_lines": 0, "percent_statements_covered": 85.71428571428571, "percent_statements_covered_display": "86"}, "missing_lines": [23], "excluded_lines": [], "start_line": 20}, "_is_blocked_ip": {"executed_lines": [31], "summary": {"covered_lines": 1, "num_statements": 1, "percent_covered": 100.0, "percent_covered_display": "100", "missing_lines": 0, "excluded_lines": 0, "percent_statements_covered": 100.0, "percent_statements_covered_display": "100"}, "missing_lines": [], "excluded_lines": [], "start_line": 30}, "_resolve_host_ips": {"executed_lines": [42, 44, 45, 46, 47, 48, 49, 50, 51, 52, 53, 56, 59, 60], "summary": {"covered_lines": 14, "num_statements": 19, "percent_covered": 73.6842105263158, "percent_covered_display": "74", "missing_lines": 5, "excluded_lines": 0, "percent_statements_covered": 73.6842105263158, "percent_statements_covered_display": "74"}, "missing_lines": [43, 54, 55, 57, 58], "excluded_lines": [], "start_line": 41}, "assert_safe_download_url": {"executed_lines": [70, 71, 73, 74, 75, 77, 79, 80, 81, 83, 86, 89, 90, 91, 92, 94, 95, 96, 97, 99, 101, 102], "summary": {"covered_lines": 22, "num_statements": 27, "percent_covered": 81.48148148148148, "percent_covered_display": "81", "missing_lines": 5, "excluded_lines": 0, "percent_statements_covered": 81.48148148148148, "percent_statements_covered_display": "81"}, "missing_lines": [76, 78, 82, 84, 87], "excluded_lines": [], "start_line": 63}, "download_url_to_path": {"executed_lines": [116, 122, 123, 124, 126, 127, 128, 129, 135, 136, 142, 143, 144, 145, 146, 147, 151, 152, 153, 154, 155, 158], "summary": {"covered_lines": 22, "num_statements": 36, "percent_covered": 61.111111111111114, "percent_covered_display": "61", "missing_lines": 14, "excluded_lines": 0, "percent_statements_covered": 61.111111111111114, "percent_statements_covered_display": "61"}, "missing_lines": [137, 138, 139, 140, 141, 148, 149, 150, 156, 157, 159, 160, 161, 163], "excluded_lines": [], "start_line": 105}, "": {"executed_lines": [3, 5, 6, 7, 8, 10, 11, 13, 16, 20, 30, 41, 63, 105], "summary": {"covered_lines": 14, "num_statements": 14, "percent_covered": 100.0, "percent_covered_display": "100", "missing_lines": 0, "excluded_lines": 0, "percent_statements_covered": 100.0, "percent_statements_covered_display": "100"}, "missing_lines": [], "excluded_lines": [], "start_line": 1}}, "classes": {"": {"executed_lines": [3, 5, 6, 7, 8, 10, 11, 13, 16, 20, 21, 22, 24, 25, 26, 27, 30, 31, 41, 42, 44, 45, 46, 47, 48, 49, 50, 51, 52, 53, 56, 59, 60, 63, 70, 71, 73, 74, 75, 77, 79, 80, 81, 83, 86, 89, 90, 91, 92, 94, 95, 96, 97, 99, 101, 102, 105, 116, 122, 123, 124, 126, 127, 128, 129, 135, 136, 142, 143, 144, 145, 146, 147, 151, 152, 153, 154, 155, 158], "summary": {"covered_lines": 79, "num_statements": 105, "percent_covered": 75.23809523809524, "percent_covered_display": "75", "missing_lines": 26, "excluded_lines": 0, "percent_statements_covered": 75.23809523809524, "percent_statements_covered_display": "75"}, "missing_lines": [17, 23, 43, 54, 55, 57, 58, 76, 78, 82, 84, 87, 137, 138, 139, 140, 141, 148, 149, 150, 156, 157, 159, 160, 161, 163], "excluded_lines": [], "start_line": 1}}}, "app/dedup/__init__.py": {"executed_lines": [1, 3], "summary": {"covered_lines": 2, "num_statements": 2, "percent_covered": 100.0, "percent_covered_display": "100", "missing_lines": 0, "excluded_lines": 0, "percent_statements_covered": 100.0, "percent_statements_covered_display": "100"}, "missing_lines": [], "excluded_lines": [], "functions": {"": {"executed_lines": [1, 3], "summary": {"covered_lines": 2, "num_statements": 2, "percent_covered": 100.0, "percent_covered_display": "100", "missing_lines": 0, "excluded_lines": 0, "percent_statements_covered": 100.0, "percent_statements_covered_display": "100"}, "missing_lines": [], "excluded_lines": [], "start_line": 1}}, "classes": {"": {"executed_lines": [1, 3], "summary": {"covered_lines": 2, "num_statements": 2, "percent_covered": 100.0, "percent_covered_display": "100", "missing_lines": 0, "excluded_lines": 0, "percent_statements_covered": 100.0, "percent_statements_covered_display": "100"}, "missing_lines": [], "excluded_lines": [], "start_line": 1}}}, "app/dedup/creditors.py": {"executed_lines": [9, 11, 12, 13, 15, 17, 19, 20, 23, 25, 26, 27, 28, 29, 30, 31, 34, 35, 36, 37, 39, 40, 41, 44, 45, 46, 48, 49, 50, 51, 52, 54, 55, 56, 57, 60, 61, 62, 63, 64, 65, 68, 69, 70, 71, 72, 73, 76, 77, 78, 79, 80, 81, 82, 83, 84, 87, 88, 89, 90, 96, 99, 100, 101, 102, 103, 107, 108, 109, 110, 111, 118, 133, 139, 140, 141, 142, 144, 145, 146, 147, 148, 150, 151, 152, 153, 155, 156, 157], "summary": {"covered_lines": 89, "num_statements": 89, "percent_covered": 100.0, "percent_covered_display": "100", "missing_lines": 0, "excluded_lines": 0, "percent_statements_covered": 100.0, "percent_statements_covered_display": "100"}, "missing_lines": [], "excluded_lines": [], "functions": {"normalize_creditor_key": {"executed_lines": [25, 26, 27, 28, 29, 30, 31], "summary": {"covered_lines": 7, "num_statements": 7, "percent_covered": 100.0, "percent_covered_display": "100", "missing_lines": 0, "excluded_lines": 0, "percent_statements_covered": 100.0, "percent_statements_covered_display": "100"}, "missing_lines": [], "excluded_lines": [], "start_line": 23}, "DedupStats.duplicates_removed": {"executed_lines": [41], "summary": {"covered_lines": 1, "num_statements": 1, "percent_covered": 100.0, "percent_covered_display": "100", "missing_lines": 0, "excluded_lines": 0, "percent_statements_covered": 100.0, "percent_statements_covered_display": "100"}, "missing_lines": [], "excluded_lines": [], "start_line": 40}, "_UnionFind.__init__": {"executed_lines": [46], "summary": {"covered_lines": 1, "num_statements": 1, "percent_covered": 100.0, "percent_covered_display": "100", "missing_lines": 0, "excluded_lines": 0, "percent_statements_covered": 100.0, "percent_statements_covered_display": "100"}, "missing_lines": [], "excluded_lines": [], "start_line": 45}, "_UnionFind.find": {"executed_lines": [49, 50, 51, 52], "summary": {"covered_lines": 4, "num_statements": 4, "percent_covered": 100.0, "percent_covered_display": "100", "missing_lines": 0, "excluded_lines": 0, "percent_statements_covered": 100.0, "percent_statements_covered_display": "100"}, "missing_lines": [], "excluded_lines": [], "start_line": 48}, "_UnionFind.union": {"executed_lines": [55, 56, 57], "summary": {"covered_lines": 3, "num_statements": 3, "percent_covered": 100.0, "percent_covered_display": "100", "missing_lines": 0, "excluded_lines": 0, "percent_statements_covered": 100.0, "percent_statements_covered_display": "100"}, "missing_lines": [], "excluded_lines": [], "start_line": 54}, "_similarity": {"executed_lines": [61, 62, 63, 64, 65], "summary": {"covered_lines": 5, "num_statements": 5, "percent_covered": 100.0, "percent_covered_display": "100", "missing_lines": 0, "excluded_lines": 0, "percent_statements_covered": 100.0, "percent_statements_covered_display": "100"}, "missing_lines": [], "excluded_lines": [], "start_line": 60}, "_sum_claim_amounts": {"executed_lines": [69, 70, 71, 72, 73], "summary": {"covered_lines": 5, "num_statements": 5, "percent_covered": 100.0, "percent_covered_display": "100", "missing_lines": 0, "excluded_lines": 0, "percent_statements_covered": 100.0, "percent_statements_covered_display": "100"}, "missing_lines": [], "excluded_lines": [], "start_line": 68}, "_union_line_numbers": {"executed_lines": [77, 78, 79, 80, 81, 82, 83, 84], "summary": {"covered_lines": 8, "num_statements": 8, "percent_covered": 100.0, "percent_covered_display": "100", "missing_lines": 0, "excluded_lines": 0, "percent_statements_covered": 100.0, "percent_statements_covered_display": "100"}, "missing_lines": [], "excluded_lines": [], "start_line": 76}, "_pick_canonical_index": {"executed_lines": [88, 96], "summary": {"covered_lines": 2, "num_statements": 2, "percent_covered": 100.0, "percent_covered_display": "100", "missing_lines": 0, "excluded_lines": 0, "percent_statements_covered": 100.0, "percent_statements_covered_display": "100"}, "missing_lines": [], "excluded_lines": [], "start_line": 87}, "_pick_canonical_index.sort_key": {"executed_lines": [89, 90], "summary": {"covered_lines": 2, "num_statements": 2, "percent_covered": 100.0, "percent_covered_display": "100", "missing_lines": 0, "excluded_lines": 0, "percent_statements_covered": 100.0, "percent_statements_covered_display": "100"}, "missing_lines": [], "excluded_lines": [], "start_line": 88}, "_merge_group": {"executed_lines": [100, 101, 102, 103, 107, 108, 109, 110, 111, 118], "summary": {"covered_lines": 10, "num_statements": 10, "percent_covered": 100.0, "percent_covered_display": "100", "missing_lines": 0, "excluded_lines": 0, "percent_statements_covered": 100.0, "percent_statements_covered_display": "100"}, "missing_lines": [], "excluded_lines": [], "start_line": 99}, "deduplicate_creditors": {"executed_lines": [139, 140, 141, 142, 144, 145, 146, 147, 148, 150, 151, 152, 153, 155, 156, 157], "summary": {"covered_lines": 16, "num_statements": 16, "percent_covered": 100.0, "percent_covered_display": "100", "missing_lines": 0, "excluded_lines": 0, "percent_statements_covered": 100.0, "percent_statements_covered_display": "100"}, "missing_lines": [], "excluded_lines": [], "start_line": 133}, "": {"executed_lines": [9, 11, 12, 13, 15, 17, 19, 20, 23, 34, 35, 36, 37, 39, 40, 44, 45, 48, 54, 60, 68, 76, 87, 99, 133], "summary": {"covered_lines": 25, "num_statements": 25, "percent_covered": 100.0, "percent_covered_display": "100", "missing_lines": 0, "excluded_lines": 0, "percent_statements_covered": 100.0, "percent_statements_covered_display": "100"}, "missing_lines": [], "excluded_lines": [], "start_line": 1}}, "classes": {"DedupStats": {"executed_lines": [41], "summary": {"covered_lines": 1, "num_statements": 1, "percent_covered": 100.0, "percent_covered_display": "100", "missing_lines": 0, "excluded_lines": 0, "percent_statements_covered": 100.0, "percent_statements_covered_display": "100"}, "missing_lines": [], "excluded_lines": [], "start_line": 35}, "_UnionFind": {"executed_lines": [46, 49, 50, 51, 52, 55, 56, 57], "summary": {"covered_lines": 8, "num_statements": 8, "percent_covered": 100.0, "percent_covered_display": "100", "missing_lines": 0, "excluded_lines": 0, "percent_statements_covered": 100.0, "percent_statements_covered_display": "100"}, "missing_lines": [], "excluded_lines": [], "start_line": 44}, "": {"executed_lines": [9, 11, 12, 13, 15, 17, 19, 20, 23, 25, 26, 27, 28, 29, 30, 31, 34, 35, 36, 37, 39, 40, 44, 45, 48, 54, 60, 61, 62, 63, 64, 65, 68, 69, 70, 71, 72, 73, 76, 77, 78, 79, 80, 81, 82, 83, 84, 87, 88, 89, 90, 96, 99, 100, 101, 102, 103, 107, 108, 109, 110, 111, 118, 133, 139, 140, 141, 142, 144, 145, 146, 147, 148, 150, 151, 152, 153, 155, 156, 157], "summary": {"covered_lines": 80, "num_statements": 80, "percent_covered": 100.0, "percent_covered_display": "100", "missing_lines": 0, "excluded_lines": 0, "percent_statements_covered": 100.0, "percent_statements_covered_display": "100"}, "missing_lines": [], "excluded_lines": [], "start_line": 1}}}, "app/extractors/creditor_matrix.py": {"executed_lines": [1, 3, 4, 5, 7, 12, 13, 16, 17, 18, 19, 20, 21, 22, 23, 27, 28, 29, 30, 31, 34, 35, 36, 37, 38, 40, 41, 46, 48, 49, 52, 53, 54, 55, 56, 57, 60, 61, 62, 63, 64, 66, 67, 68, 69, 71, 72, 73, 74, 75, 77, 80, 81, 82, 83, 85, 86, 87, 88, 89, 91, 92, 95, 104, 107, 108, 109, 110, 111, 112, 113, 114, 115, 116, 117, 118, 120, 121, 122, 123, 124, 125, 134, 137, 138, 140, 141, 143, 144, 146, 147, 148, 149, 150, 159, 161, 162, 164, 165, 166, 167, 169, 170, 171, 172, 173, 174, 175, 176, 177, 178, 179, 180, 181, 184, 187, 188, 189, 190, 191, 192, 193, 195], "summary": {"covered_lines": 123, "num_statements": 137, "percent_covered": 89.78102189781022, "percent_covered_display": "90", "missing_lines": 14, "excluded_lines": 0, "percent_statements_covered": 89.78102189781022, "percent_statements_covered_display": "90"}, "missing_lines": [24, 39, 42, 43, 50, 58, 65, 84, 90, 93, 119, 139, 142, 145], "excluded_lines": [], "functions": {"_infer_entity_type": {"executed_lines": [17, 18, 19, 20, 21, 22, 23], "summary": {"covered_lines": 7, "num_statements": 8, "percent_covered": 87.5, "percent_covered_display": "88", "missing_lines": 1, "excluded_lines": 0, "percent_statements_covered": 87.5, "percent_statements_covered_display": "88"}, "missing_lines": [24], "excluded_lines": [], "start_line": 16}, "_parse_line_number": {"executed_lines": [28, 29, 30, 31], "summary": {"covered_lines": 4, "num_statements": 4, "percent_covered": 100.0, "percent_covered_display": "100", "missing_lines": 0, "excluded_lines": 0, "percent_statements_covered": 100.0, "percent_statements_covered_display": "100"}, "missing_lines": [], "excluded_lines": [], "start_line": 27}, "_parse_claim_amount": {"executed_lines": [35, 36, 37, 38, 40, 41], "summary": {"covered_lines": 6, "num_statements": 9, "percent_covered": 66.66666666666667, "percent_covered_display": "67", "missing_lines": 3, "excluded_lines": 0, "percent_statements_covered": 66.66666666666667, "percent_statements_covered_display": "67"}, "missing_lines": [39, 42, 43], "excluded_lines": [], "start_line": 34}, "_name_and_address_from_table_row": {"executed_lines": [48, 49, 52, 53, 54, 55, 56, 57, 60, 61, 62, 63, 64, 66, 67, 68, 69, 71, 72, 73, 74, 75, 77], "summary": {"covered_lines": 23, "num_statements": 26, "percent_covered": 88.46153846153847, "percent_covered_display": "88", "missing_lines": 3, "excluded_lines": 0, "percent_statements_covered": 88.46153846153847, "percent_statements_covered_display": "88"}, "missing_lines": [50, 58, 65], "excluded_lines": [], "start_line": 46}, "_rows_from_tables": {"executed_lines": [81, 82, 83, 85, 86, 87, 88, 89, 91, 92, 95, 104], "summary": {"covered_lines": 12, "num_statements": 15, "percent_covered": 80.0, "percent_covered_display": "80", "missing_lines": 3, "excluded_lines": 0, "percent_statements_covered": 80.0, "percent_statements_covered_display": "80"}, "missing_lines": [84, 90, 93], "excluded_lines": [], "start_line": 80}, "_rows_from_text": {"executed_lines": [108, 109, 110, 111, 112, 113, 114, 115, 116, 117, 118, 120, 121, 122, 123, 124, 125, 134], "summary": {"covered_lines": 18, "num_statements": 19, "percent_covered": 94.73684210526316, "percent_covered_display": "95", "missing_lines": 1, "excluded_lines": 0, "percent_statements_covered": 94.73684210526316, "percent_statements_covered_display": "95"}, "missing_lines": [119], "excluded_lines": [], "start_line": 107}, "_block_to_creditor_row": {"executed_lines": [138, 140, 141, 143, 144, 146, 147, 148, 149, 150], "summary": {"covered_lines": 10, "num_statements": 13, "percent_covered": 76.92307692307692, "percent_covered_display": "77", "missing_lines": 3, "excluded_lines": 0, "percent_statements_covered": 76.92307692307692, "percent_statements_covered_display": "77"}, "missing_lines": [139, 142, 145], "excluded_lines": [], "start_line": 137}, "_rows_from_numbered_lines": {"executed_lines": [161, 162, 164, 169, 170, 171, 172, 173, 174, 175, 176, 177, 178, 179, 180, 181], "summary": {"covered_lines": 16, "num_statements": 16, "percent_covered": 100.0, "percent_covered_display": "100", "missing_lines": 0, "excluded_lines": 0, "percent_statements_covered": 100.0, "percent_statements_covered_display": "100"}, "missing_lines": [], "excluded_lines": [], "start_line": 159}, "_rows_from_numbered_lines.flush": {"executed_lines": [165, 166, 167], "summary": {"covered_lines": 3, "num_statements": 3, "percent_covered": 100.0, "percent_covered_display": "100", "missing_lines": 0, "excluded_lines": 0, "percent_statements_covered": 100.0, "percent_statements_covered_display": "100"}, "missing_lines": [], "excluded_lines": [], "start_line": 164}, "extract_creditor_matrix": {"executed_lines": [187, 188, 189, 190, 191, 192, 193, 195], "summary": {"covered_lines": 8, "num_statements": 8, "percent_covered": 100.0, "percent_covered_display": "100", "missing_lines": 0, "excluded_lines": 0, "percent_statements_covered": 100.0, "percent_statements_covered_display": "100"}, "missing_lines": [], "excluded_lines": [], "start_line": 184}, "": {"executed_lines": [1, 3, 4, 5, 7, 12, 13, 16, 27, 34, 46, 80, 107, 137, 159, 184], "summary": {"covered_lines": 16, "num_statements": 16, "percent_covered": 100.0, "percent_covered_display": "100", "missing_lines": 0, "excluded_lines": 0, "percent_statements_covered": 100.0, "percent_statements_covered_display": "100"}, "missing_lines": [], "excluded_lines": [], "start_line": 1}}, "classes": {"": {"executed_lines": [1, 3, 4, 5, 7, 12, 13, 16, 17, 18, 19, 20, 21, 22, 23, 27, 28, 29, 30, 31, 34, 35, 36, 37, 38, 40, 41, 46, 48, 49, 52, 53, 54, 55, 56, 57, 60, 61, 62, 63, 64, 66, 67, 68, 69, 71, 72, 73, 74, 75, 77, 80, 81, 82, 83, 85, 86, 87, 88, 89, 91, 92, 95, 104, 107, 108, 109, 110, 111, 112, 113, 114, 115, 116, 117, 118, 120, 121, 122, 123, 124, 125, 134, 137, 138, 140, 141, 143, 144, 146, 147, 148, 149, 150, 159, 161, 162, 164, 165, 166, 167, 169, 170, 171, 172, 173, 174, 175, 176, 177, 178, 179, 180, 181, 184, 187, 188, 189, 190, 191, 192, 193, 195], "summary": {"covered_lines": 123, "num_statements": 137, "percent_covered": 89.78102189781022, "percent_covered_display": "90", "missing_lines": 14, "excluded_lines": 0, "percent_statements_covered": 89.78102189781022, "percent_statements_covered_display": "90"}, "missing_lines": [24, 39, 42, 43, 50, 58, 65, 84, 90, 93, 119, 139, 142, 145], "excluded_lines": [], "start_line": 1}}}, "app/extractors/form201.py": {"executed_lines": [1, 3, 4, 6, 19, 26, 27, 29, 30, 31, 36, 37, 38, 39, 40, 41, 42, 43, 45, 46, 47, 57, 58, 59, 60, 61, 62, 63, 64, 65, 67, 68, 69, 76, 77, 78, 79, 80, 81, 82, 86, 87, 95, 96, 97, 104, 112, 113, 114, 116, 123], "summary": {"covered_lines": 51, "num_statements": 68, "percent_covered": 75.0, "percent_covered_display": "75", "missing_lines": 17, "excluded_lines": 0, "percent_statements_covered": 75.0, "percent_statements_covered_display": "75"}, "missing_lines": [28, 32, 33, 44, 51, 52, 53, 54, 66, 70, 71, 72, 73, 83, 117, 120, 121], "excluded_lines": [], "functions": {"_parse_money": {"executed_lines": [27, 29, 30, 31], "summary": {"covered_lines": 4, "num_statements": 7, "percent_covered": 57.142857142857146, "percent_covered_display": "57", "missing_lines": 3, "excluded_lines": 0, "percent_statements_covered": 57.142857142857146, "percent_statements_covered_display": "57"}, "missing_lines": [28, 32, 33], "excluded_lines": [], "start_line": 26}, "_find_usd_range": {"executed_lines": [37, 38, 39, 40, 41, 42, 43, 45, 46, 47], "summary": {"covered_lines": 10, "num_statements": 15, "percent_covered": 66.66666666666667, "percent_covered_display": "67", "missing_lines": 5, "excluded_lines": 0, "percent_statements_covered": 66.66666666666667, "percent_statements_covered_display": "67"}, "missing_lines": [44, 51, 52, 53, 54], "excluded_lines": [], "start_line": 36}, "_find_creditor_count": {"executed_lines": [58, 59, 60, 61, 62, 63, 64, 65, 67, 68, 69], "summary": {"covered_lines": 11, "num_statements": 16, "percent_covered": 68.75, "percent_covered_display": "69", "missing_lines": 5, "excluded_lines": 0, "percent_statements_covered": 68.75, "percent_statements_covered_display": "69"}, "missing_lines": [66, 70, 71, 72, 73], "excluded_lines": [], "start_line": 57}, "_find_field": {"executed_lines": [77, 78, 79, 80, 81, 82], "summary": {"covered_lines": 6, "num_statements": 7, "percent_covered": 85.71428571428571, "percent_covered_display": "86", "missing_lines": 1, "excluded_lines": 0, "percent_statements_covered": 85.71428571428571, "percent_statements_covered_display": "86"}, "missing_lines": [83], "excluded_lines": [], "start_line": 76}, "extract_form201": {"executed_lines": [87, 95, 96, 97, 104, 112, 113, 114, 116, 123], "summary": {"covered_lines": 10, "num_statements": 13, "percent_covered": 76.92307692307692, "percent_covered_display": "77", "missing_lines": 3, "excluded_lines": 0, "percent_statements_covered": 76.92307692307692, "percent_statements_covered_display": "77"}, "missing_lines": [117, 120, 121], "excluded_lines": [], "start_line": 86}, "": {"executed_lines": [1, 3, 4, 6, 19, 26, 36, 57, 76, 86], "summary": {"covered_lines": 10, "num_statements": 10, "percent_covered": 100.0, "percent_covered_display": "100", "missing_lines": 0, "excluded_lines": 0, "percent_statements_covered": 100.0, "percent_statements_covered_display": "100"}, "missing_lines": [], "excluded_lines": [], "start_line": 1}}, "classes": {"": {"executed_lines": [1, 3, 4, 6, 19, 26, 27, 29, 30, 31, 36, 37, 38, 39, 40, 41, 42, 43, 45, 46, 47, 57, 58, 59, 60, 61, 62, 63, 64, 65, 67, 68, 69, 76, 77, 78, 79, 80, 81, 82, 86, 87, 95, 96, 97, 104, 112, 113, 114, 116, 123], "summary": {"covered_lines": 51, "num_statements": 68, "percent_covered": 75.0, "percent_covered_display": "75", "missing_lines": 17, "excluded_lines": 0, "percent_statements_covered": 75.0, "percent_statements_covered_display": "75"}, "missing_lines": [28, 32, 33, 44, 51, 52, 53, 54, 66, 70, 71, 72, 73, 83, 117, 120, 121], "excluded_lines": [], "start_line": 1}}}, "app/extractors/schedules.py": {"executed_lines": [7, 9, 16, 17, 18, 20, 31, 40, 41, 42, 60, 63, 64, 67, 71, 75, 76, 77, 78, 79, 80, 81, 82, 85], "summary": {"covered_lines": 24, "num_statements": 41, "percent_covered": 58.53658536585366, "percent_covered_display": "59", "missing_lines": 17, "excluded_lines": 0, "percent_statements_covered": 58.53658536585366, "percent_statements_covered_display": "59"}, "missing_lines": [32, 33, 34, 35, 36, 37, 43, 44, 45, 46, 47, 48, 49, 50, 51, 68, 86], "excluded_lines": [], "functions": {"_is_schedule_table": {"executed_lines": [], "summary": {"covered_lines": 0, "num_statements": 6, "percent_covered": 0.0, "percent_covered_display": "0", "missing_lines": 6, "excluded_lines": 0, "percent_statements_covered": 0.0, "percent_statements_covered_display": "0"}, "missing_lines": [32, 33, 34, 35, 36, 37], "excluded_lines": [], "start_line": 31}, "_rows_from_schedule_tables": {"executed_lines": [41, 42, 60], "summary": {"covered_lines": 3, "num_statements": 12, "percent_covered": 25.0, "percent_covered_display": "25", "missing_lines": 9, "excluded_lines": 0, "percent_statements_covered": 25.0, "percent_statements_covered_display": "25"}, "missing_lines": [43, 44, 45, 46, 47, 48, 49, 50, 51], "excluded_lines": [], "start_line": 40}, "parse_schedule_ab": {"executed_lines": [64], "summary": {"covered_lines": 1, "num_statements": 1, "percent_covered": 100.0, "percent_covered_display": "100", "missing_lines": 0, "excluded_lines": 0, "percent_statements_covered": 100.0, "percent_statements_covered_display": "100"}, "missing_lines": [], "excluded_lines": [], "start_line": 63}, "parse_schedule_d": {"executed_lines": [], "summary": {"covered_lines": 0, "num_statements": 1, "percent_covered": 0.0, "percent_covered_display": "0", "missing_lines": 1, "excluded_lines": 0, "percent_statements_covered": 0.0, "percent_statements_covered_display": "0"}, "missing_lines": [68], "excluded_lines": [], "start_line": 67}, "parse_schedule_ef": {"executed_lines": [75, 76, 77, 78, 79, 80, 81, 82], "summary": {"covered_lines": 8, "num_statements": 8, "percent_covered": 100.0, "percent_covered_display": "100", "missing_lines": 0, "excluded_lines": 0, "percent_statements_covered": 100.0, "percent_statements_covered_display": "100"}, "missing_lines": [], "excluded_lines": [], "start_line": 71}, "parse_sofa": {"executed_lines": [], "summary": {"covered_lines": 0, "num_statements": 1, "percent_covered": 0.0, "percent_covered_display": "0", "missing_lines": 1, "excluded_lines": 0, "percent_statements_covered": 0.0, "percent_statements_covered_display": "0"}, "missing_lines": [86], "excluded_lines": [], "start_line": 85}, "": {"executed_lines": [7, 9, 16, 17, 18, 20, 31, 40, 63, 67, 71, 85], "summary": {"covered_lines": 12, "num_statements": 12, "percent_covered": 100.0, "percent_covered_display": "100", "missing_lines": 0, "excluded_lines": 0, "percent_statements_covered": 100.0, "percent_statements_covered_display": "100"}, "missing_lines": [], "excluded_lines": [], "start_line": 1}}, "classes": {"": {"executed_lines": [7, 9, 16, 17, 18, 20, 31, 40, 41, 42, 60, 63, 64, 67, 71, 75, 76, 77, 78, 79, 80, 81, 82, 85], "summary": {"covered_lines": 24, "num_statements": 41, "percent_covered": 58.53658536585366, "percent_covered_display": "59", "missing_lines": 17, "excluded_lines": 0, "percent_statements_covered": 58.53658536585366, "percent_statements_covered_display": "59"}, "missing_lines": [32, 33, 34, 35, 36, 37, 43, 44, 45, 46, 47, 48, 49, 50, 51, 68, 86], "excluded_lines": [], "start_line": 1}}}, "app/extractors/structured_pdf.py": {"executed_lines": [1, 2, 3, 5, 6, 8, 11, 12, 13, 14, 17, 18, 19, 20, 21, 22, 25, 26, 27, 28, 30, 31, 32, 33, 34, 35, 36, 37, 40, 52, 60, 62, 63, 64, 66, 67, 68, 69, 70, 71], "summary": {"covered_lines": 40, "num_statements": 51, "percent_covered": 78.43137254901961, "percent_covered_display": "78", "missing_lines": 11, "excluded_lines": 0, "percent_statements_covered": 78.43137254901961, "percent_statements_covered_display": "78"}, "missing_lines": [38, 41, 42, 43, 44, 45, 46, 48, 49, 50, 65], "excluded_lines": [], "functions": {"extract_structured_pdf": {"executed_lines": [26, 27, 28, 30, 31, 32, 33, 34, 35, 36, 37, 40, 52], "summary": {"covered_lines": 13, "num_statements": 23, "percent_covered": 56.52173913043478, "percent_covered_display": "57", "missing_lines": 10, "excluded_lines": 0, "percent_statements_covered": 56.52173913043478, "percent_statements_covered_display": "57"}, "missing_lines": [38, 41, 42, 43, 44, 45, 46, 48, 49, 50], "excluded_lines": [], "start_line": 25}, "probe_text_density": {"executed_lines": [62, 63, 64, 66, 67, 68, 69, 70, 71], "summary": {"covered_lines": 9, "num_statements": 10, "percent_covered": 90.0, "percent_covered_display": "90", "missing_lines": 1, "excluded_lines": 0, "percent_statements_covered": 90.0, "percent_statements_covered_display": "90"}, "missing_lines": [65], "excluded_lines": [], "start_line": 60}, "": {"executed_lines": [1, 2, 3, 5, 6, 8, 11, 12, 13, 14, 17, 18, 19, 20, 21, 22, 25, 60], "summary": {"covered_lines": 18, "num_statements": 18, "percent_covered": 100.0, "percent_covered_display": "100", "missing_lines": 0, "excluded_lines": 0, "percent_statements_covered": 100.0, "percent_statements_covered_display": "100"}, "missing_lines": [], "excluded_lines": [], "start_line": 1}}, "classes": {"PageText": {"executed_lines": [], "summary": {"covered_lines": 0, "num_statements": 0, "percent_covered": 100.0, "percent_covered_display": "100", "missing_lines": 0, "excluded_lines": 0, "percent_statements_covered": 100.0, "percent_statements_covered_display": "100"}, "missing_lines": [], "excluded_lines": [], "start_line": 12}, "StructuredPdfResult": {"executed_lines": [], "summary": {"covered_lines": 0, "num_statements": 0, "percent_covered": 100.0, "percent_covered_display": "100", "missing_lines": 0, "excluded_lines": 0, "percent_statements_covered": 100.0, "percent_statements_covered_display": "100"}, "missing_lines": [], "excluded_lines": [], "start_line": 18}, "": {"executed_lines": [1, 2, 3, 5, 6, 8, 11, 12, 13, 14, 17, 18, 19, 20, 21, 22, 25, 26, 27, 28, 30, 31, 32, 33, 34, 35, 36, 37, 40, 52, 60, 62, 63, 64, 66, 67, 68, 69, 70, 71], "summary": {"covered_lines": 40, "num_statements": 51, "percent_covered": 78.43137254901961, "percent_covered_display": "78", "missing_lines": 11, "excluded_lines": 0, "percent_statements_covered": 78.43137254901961, "percent_statements_covered_display": "78"}, "missing_lines": [38, 41, 42, 43, 44, 45, 46, 48, 49, 50, 65], "excluded_lines": [], "start_line": 1}}}, "app/main.py": {"executed_lines": [1, 2, 3, 5, 6, 7, 8, 9, 11, 12, 13, 19, 20, 21, 22, 23, 25, 26, 28, 31, 32, 39, 47, 57, 58, 59, 62, 63, 64, 69, 70, 71, 72, 73, 74, 76, 79, 80, 81, 82, 83, 84, 85, 88, 89, 90, 91, 92, 93, 94, 103, 106, 107, 110, 111, 114, 115, 118, 119, 122, 123, 130, 131, 136, 137, 138, 139, 142, 143, 144, 145, 148, 149, 150, 151, 154, 155, 160, 161, 168, 174, 175, 176, 182, 188, 189, 190, 191, 192, 193, 203], "summary": {"covered_lines": 91, "num_statements": 103, "percent_covered": 88.3495145631068, "percent_covered_display": "88", "missing_lines": 12, "excluded_lines": 0, "percent_statements_covered": 88.3495145631068, "percent_statements_covered_display": "88"}, "missing_lines": [33, 34, 35, 36, 126, 127, 132, 133, 156, 157, 164, 165], "excluded_lines": [], "functions": {"lifespan": {"executed_lines": [], "summary": {"covered_lines": 0, "num_statements": 4, "percent_covered": 0.0, "percent_covered_display": "0", "missing_lines": 4, "excluded_lines": 0, "percent_statements_covered": 0.0, "percent_statements_covered_display": "0"}, "missing_lines": [33, 34, 35, 36], "excluded_lines": [], "start_line": 32}, "request_context_middleware": {"executed_lines": [64, 69, 70, 71, 72, 73, 74, 76], "summary": {"covered_lines": 8, "num_statements": 8, "percent_covered": 100.0, "percent_covered_display": "100", "missing_lines": 0, "excluded_lines": 0, "percent_statements_covered": 100.0, "percent_statements_covered_display": "100"}, "missing_lines": [], "excluded_lines": [], "start_line": 63}, "security_headers_middleware": {"executed_lines": [81, 82, 83, 84, 85], "summary": {"covered_lines": 5, "num_statements": 5, "percent_covered": 100.0, "percent_covered_display": "100", "missing_lines": 0, "excluded_lines": 0, "percent_statements_covered": 100.0, "percent_statements_covered_display": "100"}, "missing_lines": [], "excluded_lines": [], "start_line": 80}, "metrics_middleware": {"executed_lines": [90, 91, 92, 93, 94, 103], "summary": {"covered_lines": 6, "num_statements": 6, "percent_covered": 100.0, "percent_covered_display": "100", "missing_lines": 0, "excluded_lines": 0, "percent_statements_covered": 100.0, "percent_statements_covered_display": "100"}, "missing_lines": [], "excluded_lines": [], "start_line": 89}, "bankruptcy_id_required_handler": {"executed_lines": [110, 111], "summary": {"covered_lines": 2, "num_statements": 2, "percent_covered": 100.0, "percent_covered_display": "100", "missing_lines": 0, "excluded_lines": 0, "percent_statements_covered": 100.0, "percent_statements_covered_display": "100"}, "missing_lines": [], "excluded_lines": [], "start_line": 107}, "bankruptcy_not_found_handler": {"executed_lines": [118, 119], "summary": {"covered_lines": 2, "num_statements": 2, "percent_covered": 100.0, "percent_covered_display": "100", "missing_lines": 0, "excluded_lines": 0, "percent_statements_covered": 100.0, "percent_statements_covered_display": "100"}, "missing_lines": [], "excluded_lines": [], "start_line": 115}, "document_processing_handler": {"executed_lines": [], "summary": {"covered_lines": 0, "num_statements": 2, "percent_covered": 0.0, "percent_covered_display": "0", "missing_lines": 2, "excluded_lines": 0, "percent_statements_covered": 0.0, "percent_statements_covered_display": "0"}, "missing_lines": [126, 127], "excluded_lines": [], "start_line": 123}, "background_busy_handler": {"executed_lines": [], "summary": {"covered_lines": 0, "num_statements": 2, "percent_covered": 0.0, "percent_covered_display": "0", "missing_lines": 2, "excluded_lines": 0, "percent_statements_covered": 0.0, "percent_statements_covered_display": "0"}, "missing_lines": [132, 133], "excluded_lines": [], "start_line": 131}, "value_error_handler": {"executed_lines": [138, 139], "summary": {"covered_lines": 2, "num_statements": 2, "percent_covered": 100.0, "percent_covered_display": "100", "missing_lines": 0, "excluded_lines": 0, "percent_statements_covered": 100.0, "percent_statements_covered_display": "100"}, "missing_lines": [], "excluded_lines": [], "start_line": 137}, "file_not_found_handler": {"executed_lines": [144, 145], "summary": {"covered_lines": 2, "num_statements": 2, "percent_covered": 100.0, "percent_covered_display": "100", "missing_lines": 0, "excluded_lines": 0, "percent_statements_covered": 100.0, "percent_statements_covered_display": "100"}, "missing_lines": [], "excluded_lines": [], "start_line": 143}, "permission_error_handler": {"executed_lines": [150, 151], "summary": {"covered_lines": 2, "num_statements": 2, "percent_covered": 100.0, "percent_covered_display": "100", "missing_lines": 0, "excluded_lines": 0, "percent_statements_covered": 100.0, "percent_statements_covered_display": "100"}, "missing_lines": [], "excluded_lines": [], "start_line": 149}, "runtime_error_handler": {"executed_lines": [], "summary": {"covered_lines": 0, "num_statements": 2, "percent_covered": 0.0, "percent_covered_display": "0", "missing_lines": 2, "excluded_lines": 0, "percent_statements_covered": 0.0, "percent_statements_covered_display": "0"}, "missing_lines": [156, 157], "excluded_lines": [], "start_line": 155}, "supabase_unavailable_handler": {"executed_lines": [], "summary": {"covered_lines": 0, "num_statements": 2, "percent_covered": 0.0, "percent_covered_display": "0", "missing_lines": 2, "excluded_lines": 0, "percent_statements_covered": 0.0, "percent_statements_covered_display": "0"}, "missing_lines": [164, 165], "excluded_lines": [], "start_line": 161}, "health": {"executed_lines": [175, 176], "summary": {"covered_lines": 2, "num_statements": 2, "percent_covered": 100.0, "percent_covered_display": "100", "missing_lines": 0, "excluded_lines": 0, "percent_statements_covered": 100.0, "percent_statements_covered_display": "100"}, "missing_lines": [], "excluded_lines": [], "start_line": 174}, "health_ready": {"executed_lines": [189, 190, 191, 192, 193], "summary": {"covered_lines": 5, "num_statements": 5, "percent_covered": 100.0, "percent_covered_display": "100", "missing_lines": 0, "excluded_lines": 0, "percent_statements_covered": 100.0, "percent_statements_covered_display": "100"}, "missing_lines": [], "excluded_lines": [], "start_line": 188}, "": {"executed_lines": [1, 2, 3, 5, 6, 7, 8, 9, 11, 12, 13, 19, 20, 21, 22, 23, 25, 26, 28, 31, 32, 39, 47, 57, 58, 59, 62, 63, 79, 80, 88, 89, 106, 107, 114, 115, 122, 123, 130, 131, 136, 137, 142, 143, 148, 149, 154, 155, 160, 161, 168, 174, 182, 188, 203], "summary": {"covered_lines": 55, "num_statements": 55, "percent_covered": 100.0, "percent_covered_display": "100", "missing_lines": 0, "excluded_lines": 0, "percent_statements_covered": 100.0, "percent_statements_covered_display": "100"}, "missing_lines": [], "excluded_lines": [], "start_line": 1}}, "classes": {"": {"executed_lines": [1, 2, 3, 5, 6, 7, 8, 9, 11, 12, 13, 19, 20, 21, 22, 23, 25, 26, 28, 31, 32, 39, 47, 57, 58, 59, 62, 63, 64, 69, 70, 71, 72, 73, 74, 76, 79, 80, 81, 82, 83, 84, 85, 88, 89, 90, 91, 92, 93, 94, 103, 106, 107, 110, 111, 114, 115, 118, 119, 122, 123, 130, 131, 136, 137, 138, 139, 142, 143, 144, 145, 148, 149, 150, 151, 154, 155, 160, 161, 168, 174, 175, 176, 182, 188, 189, 190, 191, 192, 193, 203], "summary": {"covered_lines": 91, "num_statements": 103, "percent_covered": 88.3495145631068, "percent_covered_display": "88", "missing_lines": 12, "excluded_lines": 0, "percent_statements_covered": 88.3495145631068, "percent_statements_covered_display": "88"}, "missing_lines": [33, 34, 35, 36, 126, 127, 132, 133, 156, 157, 164, 165], "excluded_lines": [], "start_line": 1}}}, "app/models/schemas.py": {"executed_lines": [1, 2, 3, 5, 6, 9, 10, 11, 12, 13, 14, 17, 18, 19, 22, 23, 24, 27, 28, 29, 32, 33, 34, 35, 36, 37, 38, 39, 40, 43, 44, 45, 46, 47, 48, 49, 50, 51, 54, 55, 56, 57, 58, 61, 62, 63, 64, 65, 66, 68, 69, 70, 71, 73, 76, 77, 80, 81, 84, 85, 88, 89, 90, 91, 92, 94, 95, 96, 97, 100, 101, 102, 103, 104, 106, 107, 108, 109, 112, 113, 114, 115, 116, 117, 118, 121, 122, 123, 124, 125, 128, 129, 130, 131, 132, 133, 136, 137, 138, 139, 140, 141, 142, 143, 144, 145, 146, 147, 148, 151, 152, 153, 154, 155, 156, 157, 158, 161, 162, 163, 164, 165, 168, 169, 170, 171, 172, 173, 174, 175, 178, 179, 182, 183, 184, 185, 187, 188, 189, 190, 191, 192, 193, 196, 197, 198, 199, 200, 201, 204, 205, 208, 209, 210, 213, 214, 215, 216], "summary": {"covered_lines": 158, "num_statements": 159, "percent_covered": 99.37106918238993, "percent_covered_display": "99", "miss
[...]
": 320}, "DocumentPipeline.parse_structured": {"executed_lines": [341, 342, 343, 344, 352, 353], "summary": {"covered_lines": 6, "num_statements": 6, "percent_covered": 100.0, "percent_covered_display": "100", "missing_lines": 0, "excluded_lines": 0, "percent_statements_covered": 100.0, "percent_statements_covered_display": "100"}, "missing_lines": [], "excluded_lines": [], "start_line": 335}, "DocumentPipeline.parse_ocr": {"executed_lines": [362, 363, 364, 365, 366, 367, 368, 369, 373, 381, 382], "summary": {"covered_lines": 11, "num_statements": 11, "percent_covered": 100.0, "percent_covered_display": "100", "missing_lines": 0, "excluded_lines": 0, "percent_statements_covered": 100.0, "percent_statements_covered_display": "100"}, "missing_lines": [], "excluded_lines": [], "start_line": 355}, "DocumentPipeline._validation_for_form201": {"executed_lines": [388, 389, 390], "summary": {"covered_lines": 3, "num_statements": 3, "percent_covered": 100.0, "percent_covered_display": "100", "missing_lines": 0, "excluded_lines": 0, "percent_statements_covered": 100.0, "percent_statements_covered_display": "100"}, "missing_lines": [], "excluded_lines": [], "start_line": 385}, "DocumentPipeline._validation_for_creditor_matrix": {"executed_lines": [396, 397], "summary": {"covered_lines": 2, "num_statements": 3, "percent_covered": 66.66666666666667, "percent_covered_display": "67", "missing_lines": 1, "excluded_lines": 0, "percent_statements_covered": 66.66666666666667, "percent_statements_covered_display": "67"}, "missing_lines": [398], "excluded_lines": [], "start_line": 393}, "DocumentPipeline.extract_form201": {"executed_lines": [408, 414, 415, 419, 427, 428, 434, 435, 437, 438, 439, 441, 442], "summary": {"covered_lines": 13, "num_statements": 14, "percent_covered": 92.85714285714286, "percent_covered_display": "93", "missing_lines": 1, "excluded_lines": 0, "percent_statements_covered": 92.85714285714286, "percent_statements_covered_display": "93"}, "missing_lines": [416], "excluded_lines": [], "start_line": 400}, "DocumentPipeline.extract_creditor_matrix": {"executed_lines": [457, 463, 472, 473, 474], "summary": {"covered_lines": 5, "num_statements": 8, "percent_covered": 62.5, "percent_covered_display": "62", "missing_lines": 3, "excluded_lines": 0, "percent_statements_covered": 62.5, "percent_statements_covered_display": "62"}, "missing_lines": [464, 465, 468], "excluded_lines": [], "start_line": 449}, "DocumentPipeline._resolve_document_id": {"executed_lines": [488, 489, 490, 491, 492, 493], "summary": {"covered_lines": 6, "num_statements": 6, "percent_covered": 100.0, "percent_covered_display": "100", "missing_lines": 0, "excluded_lines": 0, "percent_statements_covered": 100.0, "percent_statements_covered_display": "100"}, "missing_lines": [], "excluded_lines": [], "start_line": 482}, "DocumentPipeline._lookup_cached_document": {"executed_lines": [502, 503, 504, 505, 506, 507, 508, 513, 514, 516, 517, 519], "summary": {"covered_lines": 12, "num_statements": 15, "percent_covered": 80.0, "percent_covered_display": "80", "missing_lines": 3, "excluded_lines": 0, "percent_statements_covered": 80.0, "percent_statements_covered_display": "80"}, "missing_lines": [512, 515, 518], "excluded_lines": [], "start_line": 495}, "DocumentPipeline.parse_document": {"executed_lines": [532, 534, 536, 537, 538, 539, 540, 541, 542, 545, 546, 547, 548, 550, 580, 589, 597, 600], "summary": {"covered_lines": 18, "num_statements": 36, "percent_covered": 50.0, "percent_covered_display": "50", "missing_lines": 18, "excluded_lines": 0, "percent_statements_covered": 50.0, "percent_statements_covered_display": "50"}, "missing_lines": [533, 551, 552, 553, 554, 555, 566, 567, 568, 569, 570, 571, 590, 591, 592, 593, 594, 595], "excluded_lines": [], "start_line": 521}, "DocumentPipeline.run_parse_document_background": {"executed_lines": [615, 616, 617, 618, 619, 632, 633, 639, 641, 642, 643, 645, 646], "summary": {"covered_lines": 13, "num_statements": 18, "percent_covered": 72.22222222222223, "percent_covered_display": "72", "missing_lines": 5, "excluded_lines": 0, "percent_statements_covered": 72.22222222222223, "percent_statements_covered_display": "72"}, "missing_lines": [620, 621, 622, 623, 644], "excluded_lines": [], "start_line": 602}, "DocumentPipeline.resolve_manual_review": {"executed_lines": [649, 650, 652], "summary": {"covered_lines": 3, "num_statements": 4, "percent_covered": 75.0, "percent_covered_display": "75", "missing_lines": 1, "excluded_lines": 0, "percent_statements_covered": 75.0, "percent_statements_covered_display": "75"}, "missing_lines": [651], "excluded_lines": [], "start_line": 648}, "DocumentPipeline.apply_manual_review": {"executed_lines": [662, 663, 664, 665, 666, 669, 670, 671, 674, 675, 676, 677, 680, 681, 683, 684, 688, 689, 690, 696, 697, 700, 712, 717, 718, 719, 720, 721, 722, 723, 724, 725, 726, 739, 740, 794, 795, 796], "summary": {"covered_lines": 38, "num_statements": 61, "percent_covered": 62.295081967213115, "percent_covered_display": "62", "missing_lines": 23, "excluded_lines": 0, "percent_statements_covered": 62.295081967213115, "percent_statements_covered_display": "62"}, "missing_lines": [667, 672, 678, 685, 691, 742, 743, 744, 747, 748, 749, 753, 764, 770, 771, 772, 773, 774, 775, 776, 789, 790, 792], "excluded_lines": [], "start_line": 654}, "DocumentPipeline._mark_job_failed": {"executed_lines": [799, 800, 801], "summary": {"covered_lines": 3, "num_statements": 7, "percent_covered": 42.857142857142854, "percent_covered_display": "43", "missing_lines": 4, "excluded_lines": 0, "percent_statements_covered": 42.857142857142854, "percent_statements_covered_display": "43"}, "missing_lines": [802, 803, 804, 815], "excluded_lines": [], "start_line": 798}, "DocumentPipeline._processing_response": {"executed_lines": [819], "summary": {"covered_lines": 1, "num_statements": 1, "percent_covered": 100.0, "percent_covered_display": "100", "missing_lines": 0, "excluded_lines": 0, "percent_statements_covered": 100.0, "percent_statements_covered_display": "100"}, "missing_lines": [], "excluded_lines": [], "start_line": 818}, "DocumentPipeline._parse_document_sync": {"executed_lines": [836, 837, 838, 841, 843, 844, 845, 846, 847, 848, 849, 850, 851, 852, 853, 856, 857, 858, 859, 860, 866, 869, 870, 872, 878, 879, 891, 901, 902, 903, 905, 916, 917, 918, 919, 921, 922, 924, 925, 936, 943, 944, 945, 949, 961, 962, 967, 969, 983, 984, 987, 988, 996], "summary": {"covered_lines": 53, "num_statements": 61, "percent_covered": 86.88524590163935, "percent_covered_display": "87", "missing_lines": 8, "excluded_lines": 0, "percent_statements_covered": 86.88524590163935, "percent_statements_covered_display": "87"}, "missing_lines": [864, 873, 972, 985, 1009, 1010, 1011, 1012], "excluded_lines": [], "start_line": 825}, "DocumentPipeline._coerce_mapping": {"executed_lines": [1015, 1016, 1017, 1023], "summary": {"covered_lines": 4, "num_statements": 9, "percent_covered": 44.44444444444444, "percent_covered_display": "44", "missing_lines": 5, "excluded_lines": 0, "percent_statements_covered": 44.44444444444444, "percent_statements_covered_display": "44"}, "missing_lines": [1018, 1019, 1020, 1021, 1022], "excluded_lines": [], "start_line": 1014}, "DocumentPipeline._validation_from_cached_row": {"executed_lines": [1026, 1027, 1028, 1030, 1031, 1032, 1034, 1035, 1036, 1037, 1038, 1040, 1041, 1042, 1043, 1044, 1046, 1047, 1048, 1050], "summary": {"covered_lines": 20, "num_statements": 20, "percent_covered": 100.0, "percent_covered_display": "100", "missing_lines": 0, "excluded_lines": 0, "percent_statements_covered": 100.0, "percent_statements_covered_display": "100"}, "missing_lines": [], "excluded_lines": [], "start_line": 1025}, "DocumentPipeline._form201_from_raw": {"executed_lines": [1058, 1059, 1060], "summary": {"covered_lines": 3, "num_statements": 4, "percent_covered": 75.0, "percent_covered_display": "75", "missing_lines": 1, "excluded_lines": 0, "percent_statements_covered": 75.0, "percent_statements_covered_display": "75"}, "missing_lines": [1061], "excluded_lines": [], "start_line": 1057}, "DocumentPipeline._creditors_from_raw": {"executed_lines": [1064, 1065, 1067], "summary": {"covered_lines": 3, "num_statements": 4, "percent_covered": 75.0, "percent_covered_display": "75", "missing_lines": 1, "excluded_lines": 0, "percent_statements_covered": 75.0, "percent_statements_covered_display": "75"}, "missing_lines": [1066], "excluded_lines": [], "start_line": 1063}, "DocumentPipeline._response_from_cached_row": {"executed_lines": [1070, 1071, 1072, 1074, 1075, 1077, 1079, 1088, 1089, 1091, 1092, 1105], "summary": {"covered_lines": 12, "num_statements": 16, "percent_covered": 75.0, "percent_covered_display": "75", "missing_lines": 4, "excluded_lines": 0, "percent_statements_covered": 75.0, "percent_statements_covered_display": "75"}, "missing_lines": [1076, 1080, 1081, 1090], "excluded_lines": [], "start_line": 1069}, "DocumentPipeline.get_document_status": {"executed_lines": [1108], "summary": {"covered_lines": 1, "num_statements": 1, "percent_covered": 100.0, "percent_covered_display": "100", "missing_lines": 0, "excluded_lines": 0, "percent_statements_covered": 100.0, "percent_statements_covered_display": "100"}, "missing_lines": [], "excluded_lines": [], "start_line": 1107}, "DocumentPipeline.build_job_status": {"executed_lines": [1111, 1112, 1114, 1115, 1116, 1118, 1128, 1129, 1130, 1140, 1141, 1142, 1143, 1144, 1147], "summary": {"covered_lines": 15, "num_statements": 17, "percent_covered": 88.23529411764706, "percent_covered_display": "88", "missing_lines": 2, "excluded_lines": 0, "percent_statements_covered": 88.23529411764706, "percent_statements_covered_display": "88"}, "missing_lines": [1113, 1119], "excluded_lines": [], "start_line": 1110}, "DocumentPipeline.list_review_queue": {"executed_lines": [1159], "summary": {"covered_lines": 1, "num_statements": 1, "percent_covered": 100.0, "percent_covered_display": "100", "missing_lines": 0, "excluded_lines": 0, "percent_statements_covered": 100.0, "percent_statements_covered_display": "100"}, "missing_lines": [], "excluded_lines": [], "start_line": 1156}, "": {"executed_lines": [1, 2, 3, 4, 5, 6, 8, 9, 10, 16, 17, 18, 19, 20, 21, 22, 23, 24, 25, 30, 42, 43, 44, 45, 46, 55, 61, 64, 79, 82, 83, 89, 95, 113, 114, 124, 131, 143, 146, 171, 209, 256, 279, 306, 307, 312, 320, 335, 355, 384, 385, 392, 393, 400, 449, 482, 495, 521, 602, 648, 654, 798, 817, 818, 825, 1014, 1025, 1057, 1063, 1069, 1107, 1110, 1156], "summary": {"covered_lines": 73, "num_statements": 73, "percent_covered": 100.0, "percent_covered_display": "100", "missing_lines": 0, "excluded_lines": 0, "percent_statements_covered": 100.0, "percent_statements_covered_display": "100"}, "missing_lines": [], "excluded_lines": [], "start_line": 1}}, "classes": {"DocumentPipeline": {"executed_lines": [84, 85, 86, 87, 90, 92, 93, 98, 99, 100, 104, 109, 110, 111, 115, 126, 127, 128, 129, 133, 134, 135, 136, 138, 139, 140, 141, 144, 148, 150, 151, 153, 154, 156, 157, 168, 169, 173, 175, 176, 178, 179, 180, 181, 182, 183, 185, 186, 188, 189, 191, 192, 193, 194, 205, 206, 207, 216, 223, 224, 225, 226, 229, 230, 231, 232, 237, 238, 239, 247, 248, 280, 281, 282, 283, 284, 285, 287, 289, 290, 292, 293, 294, 295, 298, 300, 304, 308, 309, 310, 313, 314, 316, 317, 323, 324, 325, 341, 342, 343, 344, 352, 353, 362, 363, 364, 365, 366, 367, 368, 369, 373, 381, 382, 388, 389, 390, 396, 397, 408, 414, 415, 419, 427, 428, 434, 435, 437, 438, 439, 441, 442, 457, 463, 472, 473, 474, 488, 489, 490, 491, 492, 493, 502, 503, 504, 505, 506, 507, 508, 513, 514, 516, 517, 519, 532, 534, 536, 537, 538, 539, 540, 541, 542, 545, 546, 547, 548, 550, 580, 589, 597, 600, 615, 616, 617, 618, 619, 632, 633, 639, 641, 642, 643, 645, 646, 649, 650, 652, 662, 663, 664, 665, 666, 669, 670, 671, 674, 675, 676, 677, 680, 681, 683, 684, 688, 689, 690, 696, 697, 700, 712, 717, 718, 719, 720, 721, 722, 723, 724, 725, 726, 739, 740, 794, 795, 796, 799, 800, 801, 819, 836, 837, 838, 841, 843, 844, 845, 846, 847, 848, 849, 850, 851, 852, 853, 856, 857, 858, 859, 860, 866, 869, 870, 872, 878, 879, 891, 901, 902, 903, 905, 916, 917, 918, 919, 921, 922, 924, 925, 936, 943, 944, 945, 949, 961, 962, 967, 969, 983, 984, 987, 988, 996, 1015, 1016, 1017, 1023, 1026, 1027, 1028, 1030, 1031, 1032, 1034, 1035, 1036, 1037, 1038, 1040, 1041, 1042, 1043, 1044, 1046, 1047, 1048, 1050, 1058, 1059, 1060, 1064, 1065, 1067, 1070, 1071, 1072, 1074, 1075, 1077, 1079, 1088, 1089, 1091, 1092, 1105, 1108, 1111, 1112, 1114, 1115, 1116, 1118, 1128, 1129, 1130, 1140, 1141, 1142, 1143, 1144, 1147, 1159], "summary": {"covered_lines": 343, "num_statements": 458, "percent_covered": 74.89082969432314, "percent_covered_display": "75", "missing_lines": 115, "excluded_lines": 0, "percent_statements_covered": 74.89082969432314, "percent_statements_covered_display": "75"}, "missing_lines": [91, 137, 149, 152, 155, 174, 177, 184, 187, 190, 257, 258, 259, 260, 261, 262, 263, 264, 274, 275, 276, 277, 286, 288, 291, 296, 297, 299, 301, 302, 303, 315, 318, 326, 327, 398, 416, 464, 465, 468, 512, 515, 518, 533, 551, 552, 553, 554, 555, 566, 567, 568, 569, 570, 571, 590, 591, 592, 593, 594, 595, 620, 621, 622, 623, 644, 651, 667, 672, 678, 685, 691, 742, 743, 744, 747, 748, 749, 753, 764, 770, 771, 772, 773, 774, 775, 776, 789, 790, 792, 802, 803, 804, 815, 864, 873, 972, 985, 1009, 1010, 1011, 1012, 1018, 1019, 1020, 1021, 1022, 1061, 1066, 1076, 1080, 1081, 1090, 1113, 1119], "excluded_lines": [], "start_line": 82}, "": {"executed_lines": [1, 2, 3, 4, 5, 6, 8, 9, 10, 16, 17, 18, 19, 20, 21, 22, 23, 24, 25, 30, 42, 43, 44, 45, 46, 55, 61, 64, 79, 82, 83, 89, 95, 113, 114, 124, 131, 143, 146, 171, 209, 256, 279, 306, 307, 312, 320, 335, 355, 384, 385, 392, 393, 400, 449, 482, 495, 521, 602, 648, 654, 798, 817, 818, 825, 1014, 1025, 1057, 1063, 1069, 1107, 1110, 1156], "summary": {"covered_lines": 73, "num_statements": 81, "percent_covered": 90.12345679012346, "percent_covered_display": "90", "missing_lines": 8, "excluded_lines": 0, "percent_statements_covered": 90.12345679012346, "percent_statements_covered_display": "90"}, "missing_lines": [70, 71, 72, 73, 74, 75, 76, 77], "excluded_lines": [], "start_line": 1}}}, "app/validation/creditor_name_quality.py": {"executed_lines": [8, 9, 11, 13, 19, 26, 41, 42, 43, 46, 48, 49, 50, 52, 53, 54, 55, 56, 57, 58, 60, 62, 63, 64], "summary": {"covered_lines": 24, "num_statements": 26, "percent_covered": 92.3076923076923, "percent_covered_display": "92", "missing_lines": 2, "excluded_lines": 0, "percent_statements_covered": 92.3076923076923, "percent_statements_covered_display": "92"}, "missing_lines": [59, 61], "excluded_lines": [], "functions": {"_pure_digit_pattern": {"executed_lines": [43], "summary": {"covered_lines": 1, "num_statements": 1, "percent_covered": 100.0, "percent_covered_display": "100", "missing_lines": 0, "excluded_lines": 0, "percent_statements_covered": 100.0, "percent_statements_covered_display": "100"}, "missing_lines": [], "excluded_lines": [], "start_line": 42}, "is_junk_creditor_name": {"executed_lines": [48, 49, 50, 52, 53, 54, 55, 56, 57, 58, 60, 62, 63, 64], "summary": {"covered_lines": 14, "num_statements": 16, "percent_covered": 87.5, "percent_covered_display": "88", "missing_lines": 2, "excluded_lines": 0, "percent_statements_covered": 87.5, "percent_statements_covered_display": "88"}, "missing_lines": [59, 61], "excluded_lines": [], "start_line": 46}, "": {"executed_lines": [8, 9, 11, 13, 19, 26, 41, 42, 46], "summary": {"covered_lines": 9, "num_statements": 9, "percent_covered": 100.0, "percent_covered_display": "100", "missing_lines": 0, "excluded_lines": 0, "percent_statements_covered": 100.0, "percent_statements_covered_display": "100"}, "missing_lines": [], "excluded_lines": [], "start_line": 1}}, "classes": {"": {"executed_lines": [8, 9, 11, 13, 19, 26, 41, 42, 43, 46, 48, 49, 50, 52, 53, 54, 55, 56, 57, 58, 60, 62, 63, 64], "summary": {"covered_lines": 24, "num_statements": 26, "percent_covered": 92.3076923076923, "percent_covered_display": "92", "missing_lines": 2, "excluded_lines": 0, "percent_statements_covered": 92.3076923076923, "percent_statements_covered_display": "92"}, "missing_lines": [59, 61], "excluded_lines": [], "start_line": 1}}}, "app/validation/engine.py": {"executed_lines": [1, 2, 3, 5, 16, 19, 20, 21, 22, 23, 25, 28, 29, 30, 31, 32, 33, 34, 35, 37, 40, 41, 42, 43, 44, 46, 47, 48, 51, 53, 54, 60, 68, 74, 75, 81, 86, 87, 88, 89, 90, 93, 94, 105, 113], "summary": {"covered_lines": 45, "num_statements": 50, "percent_covered": 90.0, "percent_covered_display": "90", "missing_lines": 5, "excluded_lines": 0, "percent_statements_covered": 90.0, "percent_statements_covered_display": "90"}, "missing_lines": [24, 36, 49, 91, 114], "excluded_lines": [], "functions": {"_confidence_level": {"executed_lines": [20, 21, 22, 23, 25], "summary": {"covered_lines": 5, "num_statements": 6, "percent_covered": 83.33333333333333, "percent_covered_display": "83", "missing_lines": 1, "excluded_lines": 0, "percent_statements_covered": 83.33333333333333, "percent_statements_covered_display": "83"}, "missing_lines": [24], "excluded_lines": [], "start_line": 19}, "_missing_form201_fields": {"executed_lines": [29, 30, 31, 32, 33, 34, 35, 37], "summary": {"covered_lines": 8, "num_statements": 9, "percent_covered": 88.88888888888889, "percent_covered_display": "89", "missing_lines": 1, "excluded_lines": 0, "percent_statements_covered": 88.88888888888889, "percent_statements_covered_display": "89"}, "missing_lines": [36], "excluded_lines": [], "start_line": 28}, "validate_form201": {"executed_lines": [41, 42, 43, 44, 46, 47, 48, 51, 53, 54, 60], "summary": {"covered_lines": 11, "num_statements": 12, "percent_covered": 91.66666666666667, "percent_covered_display": "92", "missing_lines": 1, "excluded_lines": 0, "percent_statements_covered": 91.66666666666667, "percent_statements_covered_display": "92"}, "missing_lines": [49], "excluded_lines": [], "start_line": 40}, "validate_creditor_matrix": {"executed_lines": [74, 75, 81, 86, 87, 88, 89, 90, 93, 94, 105], "summary": {"covered_lines": 11, "num_statements": 12, "percent_covered": 91.66666666666667, "percent_covered_display": "92", "missing_lines": 1, "excluded_lines": 0, "percent_statements_covered": 91.66666666666667, "percent_statements_covered_display": "92"}, "missing_lines": [91], "excluded_lines": [], "start_line": 68}, "should_review_for_error": {"executed_lines": [], "summary": {"covered_lines": 0, "num_statements": 1, "percent_covered": 0.0, "percent_covered_display": "0", "missing_lines": 1, "excluded_lines": 0, "percent_statements_covered": 0.0, "percent_statements_covered_display": "0"}, "missing_lines": [114], "excluded_lines": [], "start_line": 113}, "": {"executed_lines": [1, 2, 3, 5, 16, 19, 28, 40, 68, 113], "summary": {"covered_lines": 10, "num_statements": 10, "percent_covered": 100.0, "percent_covered_display": "100", "missing_lines": 0, "excluded_lines": 0, "percent_statements_covered": 100.0, "percent_statements_covered_display": "100"}, "missing_lines": [], "excluded_lines": [], "start_line": 1}}, "classes": {"": {"executed_lines": [1, 2, 3, 5, 16, 19, 20, 21, 22, 23, 25, 28, 29, 30, 31, 32, 33, 34, 35, 37, 40, 41, 42, 43, 44, 46, 47, 48, 51, 53, 54, 60, 68, 74, 75, 81, 86, 87, 88, 89, 90, 93, 94, 105, 113], "summary": {"covered_lines": 45, "num_statements": 50, "percent_covered": 90.0, "percent_covered_display": "90", "missing_lines": 5, "excluded_lines": 0, "percent_statements_covered": 90.0, "percent_statements_covered_display": "90"}, "missing_lines": [24, 36, 49, 91, 114], "excluded_lines": [], "start_line": 1}}}}, "totals": {"covered_lines": 1859, "num_statements": 2330, "percent_covered": 79.78540772532189, "percent_covered_display": "80", "missing_lines": 471, "excluded_lines": 2, "percent_statements_covered": 79.78540772532189, "percent_statements_covered_display": "80"}}